[454711]: 8ms SPX_DBG_TRACE_VERBOSE:  resource_manager.cpp:95 Created 'CSpxThreadService' as '303073113'
[454711]: 8ms SPX_TRACE_WARNING: resource_manager.cpp:103 Failed to create 'CSpxCodecAdapter' as '199052375'. Are all required extension libraries loaded?
[454711]: 8ms SPX_DBG_TRACE_VERBOSE:  usp_tts_engine_adapter.cpp:48 CSpxUspTtsEngineAdapter::CSpxUspTtsEngineAdapter
[454711]: 9ms SPX_DBG_TRACE_VERBOSE:  resource_manager.cpp:95 Created 'CSpxUspTtsEngineAdapter' as '919101823'
[454711]: 9ms SPX_DBG_TRACE_SCOPE_ENTER:  com_init_and_uninit.cpp:18 ComInitAndUnInit ctor enter
[777678]: 20ms SPX_DBG_TRACE_SCOPE_ENTER:  com_init_and_uninit.cpp:44 com worker_thread_proc() enter
[777678]: 20ms SPX_DBG_TRACE_VERBOSE:  com_init_and_uninit.cpp:53 com successfully Initialized
[454711]: 20ms SPX_DBG_TRACE_SCOPE_EXIT:  com_init_and_uninit.cpp:18 ComInitAndUnInit ctor done
[454711]: 20ms SPX_DBG_TRACE_VERBOSE:  resource_manager.cpp:95 Created 'CSpxDefaultSpeaker' as '853898539'
[454711]: 20ms SPX_DBG_TRACE_VERBOSE:  resource_manager.cpp:95 Created 'CSpxPullAudioOutputStream' as '853898539'
[454711]: 20ms SPX_DBG_TRACE_VERBOSE:  cloud_tts_engine_adapter.cpp:131 CSpxCloudTtsEngineAdapter::SetOutput
[454711]: 20ms SPX_TRACE_INFO:  cloud_tts_engine_adapter.cpp:203 CSpxCloudTtsEngineAdapter::SetOutput: request format [riff-16khz-16bit-mono-pcm] has header, using raw format instead for streaming.
[454711]: 20ms SPX_DBG_TRACE_VERBOSE:  handle_table.h:106 CSpxHandleTable::TrackHandle p=0x000001B028794ED8
[454711]: 20ms SPX_DBG_TRACE_VERBOSE:  handle_table.h:116 CSpxHandleTable::TrackHandle class=ISpxSynthesizer, h=0x000001B028794ED8, p=0x000001B028794ED8, tot=1
[454711]: 20ms SPX_DBG_TRACE_SCOPE_EXIT:  speechapi_c_factory.cpp:476 synthesizer_create_speech_synthesizer_from_config
[454711]: 21ms SPX_DBG_TRACE_VERBOSE:  handle_table.h:106 CSpxHandleTable::TrackHandle p=0x000001B028795308
[454711]: 21ms SPX_DBG_TRACE_VERBOSE:  handle_table.h:116 CSpxHandleTable::TrackHandle class=ISpxNamedProperties, h=0x000001B028795308, p=0x000001B028795308, tot=3
[80179]: 38ms SPX_DBG_TRACE_VERBOSE:  resource_manager.cpp:95 Created 'CSpxAudioDataStream' as '418301898'
[80179]: 38ms SPX_DBG_TRACE_VERBOSE:  null_audio_output.h:93 CSpxNullAudioOutput::SetFormat is called with format 0x000001B02878DD10
[80179]: 38ms SPX_DBG_TRACE_FUNCTION:  synthesis_result.cpp:25 CSpxSynthesisResult::CSpxSynthesisResult
[80179]: 38ms SPX_DBG_TRACE_VERBOSE:  resource_manager.cpp:95 Created 'CSpxSynthesisResult' as '3874248'
[80179]: 38ms SPX_TRACE_VERBOSE:  synthesizer.cpp:243 CSpxSynthesizer::ExecuteSynthesis: synthesis started, request id: af24f8f347014021b153bddcc3cbe665; text: Ist dieses Zeug nicht cool?
[80179]: 38ms SPX_DBG_TRACE_VERBOSE:  synthesizer_timeout_management.cpp:30 SynthesisTimeoutManagement::SetTimeoutValues: RTF set to 2.00; frame timeout interval set to 3000 ms.
[80179]: 38ms SPX_DBG_TRACE_VERBOSE:  usp_tts_engine_adapter.cpp:80 CSpxUspTtsEngineAdapter::Speak
[80179]: 38ms SPX_DBG_TRACE_VERBOSE:  usp_tts_engine_adapter.cpp:98 CSpxUspTtsEngineAdapter::Speak: start to send synthesis request, request id : af24f8f347014021b153bddcc3cbe665, try: 0
[80179]: 38ms SPX_DBG_TRACE_VERBOSE:  named_properties.h:451 ISpxNamedProperties::GetStringValue: this=0x000001B028795308; name='SPEECH-SynthVoice'; value='de-DE-KatjaNeural'
[254472]: 38ms SPX_DBG_TRACE_SCOPE_ENTER:  synthesizer.cpp:1072 DispatchEvent task started...
[80179]: 38ms SPX_DBG_TRACE_VERBOSE:  usp_tts_engine_adapter.cpp:173 SSML sent to TTS cognitive service: <speak version='1.0' xmlns='http://www.w3.org/2001/10/synthesis' xmlns:mstts='http://www.w3.org/2001/mstts' xmlns:emo='http://www.w3.org/2009/10/emotionml' xml:lang='en-US'><voice name='de-DE-KatjaNeural'>Ist dieses Zeug nicht cool?</voice></speak>
[254472]: 38ms SPX_DBG_TRACE_VERBOSE:  synthesizer.cpp:495 [000001B028794EA0]CSpxSynthesizer::CSpxSynthesizer::FireResultEvent
[80179]: 38ms SPX_DBG_TRACE_VERBOSE:  usp_tts_engine_adapter.cpp:456 CSpxUspTtsEngineAdapter::UspInitialize: this=0x000001B0287769E0
[80179]: 38ms SPX_DBG_TRACE_VERBOSE:  named_properties.h:451 ISpxNamedProperties::GetStringValue: this=0x000001B028795308; name='SPEECH-SubscriptionKey'; value='******************************a2'
[80179]: 39ms SPX_DBG_TRACE_VERBOSE:  named_properties.h:451 ISpxNamedProperties::GetStringValue: this=0x000001B028776A48; name='AZAC-SDK-PROGRAMMING-LANGUAGE'; value='C#'
[254472]: 38ms SPX_DBG_TRACE_VERBOSE:  resource_manager.cpp:95 Created 'CSpxSynthesisEventArgs' as '657912386'
[80179]: 39ms SPX_DBG_TRACE_VERBOSE:  named_properties.h:451 ISpxNamedProperties::GetStringValue: this=0x000001B028776A48; name='SPEECH-UserDefinedQueryParameters'; value='traffictype=spx'
[254472]: 39ms SPX_DBG_TRACE_VERBOSE:  handle_table.h:106 CSpxHandleTable::TrackHandle p=0x000001B0287B42E0
[80179]: 39ms SPX_DBG_TRACE_VERBOSE:  named_properties.h:451 ISpxPropertyBagImpl::SetStringValue: this=0x000001B028776A48; name='HttpHeader#User-agent'; value='spx SpeechSDK-C#/1.21.0 Windows Client 8'
[254472]: 39ms SPX_DBG_TRACE_VERBOSE:  handle_table.h:116 CSpxHandleTable::TrackHandle class=ISpxSynthesisEventArgs, h=0x000001B0287B42E0, p=0x000001B0287B42E0, tot=1
[80179]: 39ms SPX_DBG_TRACE_VERBOSE:  named_properties.h:451 ISpxNamedProperties::FindPrefix: this=0x000001B028776A48; name='User-agent'; value='spx SpeechSDK-C#/1.21.0 Windows Client 8'
[80179]: 39ms SPX_DBG_TRACE_VERBOSE:  resource_manager.cpp:95 Created 'CSpxUspCallbackWrapper' as '978711522'
[80179]: 39ms SPX_DBG_TRACE_VERBOSE:  named_properties.h:451 ISpxNamedProperties::GetStringValue: this=0x000001B028795308; name='SPEECH-Region'; value='northeurope'
[80179]: 39ms SPX_DBG_TRACE_VERBOSE:  named_properties.h:451 ISpxNamedProperties::GetStringValue: this=0x000001B028795308; name='SPEECH-ProxyHostBypass'; value=''
[80179]: 39ms SPX_DBG_TRACE_VERBOSE:  resource_manager.cpp:95 Created 'CSpxUspConnection' as '792041254'
[80179]: 39ms SPX_TRACE_INFO:  usp_connection.cpp:460 Microsoft::CognitiveServices::Speech::USP::CSpxUspConnection::Connect: entering...
[80179]: 39ms SPX_TRACE_INFO:  usp_connection.cpp:477 Adding subscription key headers
[80179]: 39ms SPX_TRACE_INFO:  usp_connection.cpp:512 Set a user defined HTTP header 'User-agent':'spx SpeechSDK-C#/1.21.0 Windows Client 8'
[80179]: 39ms SPX_TRACE_INFO:  usp_connection.cpp:518 Set an underlying io option 'tcp_nodelay'
[80179]: 39ms SPX_TRACE_INFO:  usp_connection.cpp:527 connectionUrl=wss://northeurope.tts.speech.microsoft.com/cognitiveservices/websocket/v1
[80179]: 39ms SPX_DBG_TRACE_VERBOSE:  resource_manager.cpp:95 Created 'CSpxTelemetry' as '151041793'
[80179]: 39ms SPX_DBG_TRACE_SCOPE_ENTER:  web_socket.cpp:284 CSpxWebSocket::CSpxWebSocket
[80179]: 39ms SPX_DBG_TRACE_SCOPE_EXIT:  web_socket.cpp:284 CSpxWebSocket::CSpxWebSocket
[80179]: 39ms SPX_DBG_TRACE_VERBOSE:  resource_manager.cpp:95 Created 'CSpxWebSocket' as '482598724'
[80179]: 39ms SPX_DBG_TRACE_VERBOSE:  named_properties.h:451 ISpxPropertyBagImpl::SetStringValue: this=0x000001B028795308; name='SPEECH-ConnectionUrl'; value='wss://northeurope.tts.speech.microsoft.com/cognitiveservices/websocket/v1'
[395554]: 39ms SPX_TRACE_INFO:  web_socket.cpp:952 CSpxWebSocket::DoWork: open transport.
[80179]: 39ms SPX_DBG_TRACE_VERBOSE:  usp_tts_engine_adapter.cpp:345 speech.config {"context":{"system":{"version":"1.21.0","name":"SpeechSDK","build":"Windows-x64"},"os":{"platform":"Windows","name":"Client","version":"8"}}}
[395554]: 40ms SPX_TRACE_INFO:  web_socket.cpp:646 Start to open websocket. WebSocket: 0x2824d610, wsio handle: 0x2818b2b0
[80179]: 40ms SPX_DBG_TRACE_VERBOSE:  usp_tts_engine_adapter.cpp:396 speech.config='{"context":{"system":{"version":"1.21.0","name":"SpeechSDK","build":"Windows-x64"},"os":{"platform":"Windows","name":"Client","version":"8"}}}'
[80179]: 40ms SPX_DBG_TRACE_VERBOSE:  usp_tts_engine_adapter.cpp:396 synthesis.context='{"synthesis":{"audio":{"outputFormat":"raw-16khz-16bit-mono-pcm","metadataOptions":{"visemeEnabled":false,"bookmarkEnabled":false,"wordBoundaryEnabled":false,"punctuationBoundaryEnabled":false,"sentenceBoundaryEnabled":false,"sessionEndEnabled":true}},"language":{"autoDetection":false}}}'
[254472]: 40ms SPX_DBG_TRACE_VERBOSE:  handle_table.h:106 CSpxHandleTable::TrackHandle p=0x000001B0287A4E10
[80179]: 40ms SPX_DBG_TRACE_VERBOSE:  usp_tts_engine_adapter.cpp:381 ssml <speak version='1.0' xmlns='http://www.w3.org/2001/10/synthesis' xmlns:mstts='http://www.w3.org/2001/mstts' xmlns:emo='http://www.w3.org/2009/10/emotionml' xml:lang='en-US'><voice name='de-DE-KatjaNeural'>Ist dieses Zeug nicht cool?</voice></speak>
[254472]: 40ms SPX_DBG_TRACE_VERBOSE:  handle_table.h:116 CSpxHandleTable::TrackHandle class=ISpxSynthesisResult, h=0x000001B0287A4E10, p=0x000001B0287A4E10, tot=1
[80179]: 40ms SPX_DBG_TRACE_VERBOSE:  usp_tts_engine_adapter.cpp:396 ssml='<speak version='1.0' xmlns='http://www.w3.org/2001/10/synthesis' xmlns:mstts='http://www.w3.org/2001/mstts' xmlns:emo='http://www.w3.org/2009/10/emotionml' xml:lang='en-US'><voice name='de-DE-KatjaNeural'>Ist dieses Zeug nicht cool?</voice></speak>'
[254472]: 45ms SPX_DBG_TRACE_VERBOSE:  handle_table.h:106 CSpxHandleTable::TrackHandle p=0x000001B0287A4E30
[254472]: 45ms SPX_DBG_TRACE_VERBOSE:  handle_table.h:116 CSpxHandleTable::TrackHandle class=ISpxNamedProperties, h=0x000001B0287A4E30, p=0x000001B0287A4E30, tot=4
[254472]: 49ms SPX_TRACE_VERBOSE interop_factory.cs:83 Dispose(True) called for 1b0287b42e0
[254472]: 49ms SPX_DBG_TRACE_VERBOSE:  handle_table.h:175 CSpxHandleTable::StopTracking(h) h=0x000001B0287B42E0
[254472]: 49ms SPX_DBG_TRACE_VERBOSE:  handle_table.h:190 CSpxHandleTable::StopTracking(h) class=ISpxSynthesisEventArgs, h=0x000001B0287B42E0, p=0x000001B0287B42E0, tot=0
[254472]: 50ms SPX_TRACE_VERBOSE interop_factory.cs:83 Dispose(True) called for 1b0287a4e30
[254472]: 50ms SPX_DBG_TRACE_VERBOSE:  handle_table.h:175 CSpxHandleTable::StopTracking(h) h=0x000001B0287A4E30
[254472]: 50ms SPX_DBG_TRACE_VERBOSE:  handle_table.h:190 CSpxHandleTable::StopTracking(h) class=ISpxNamedProperties, h=0x000001B0287A4E30, p=0x000001B0287A4E30, tot=3
[254472]: 50ms SPX_TRACE_VERBOSE interop_factory.cs:83 Dispose(True) called for 1b0287a4e10
[254472]: 50ms SPX_DBG_TRACE_VERBOSE:  handle_table.h:175 CSpxHandleTable::StopTracking(h) h=0x000001B0287A4E10
[254472]: 50ms SPX_DBG_TRACE_VERBOSE:  handle_table.h:190 CSpxHandleTable::StopTracking(h) class=ISpxSynthesisResult, h=0x000001B0287A4E10, p=0x000001B0287A4E10, tot=0
[254472]: 50ms SPX_DBG_TRACE_SCOPE_EXIT:  synthesizer.cpp:1072 DispatchEvent task complete!
[395554]: 132ms SPX_TRACE_INFO:  usp_connection.cpp:761 Create requestId  for messageType 0
[395554]: 323ms SPX_TRACE_INFO:  web_socket.cpp:1029 Opening websocket completed. TransportRequest: 0x2824d610, wsio handle: 0x2818b2b0
[395554]: 324ms SPX_TRACE_INFO:  usp_connection.cpp:876 TS:285, OnConnected: connection:0xe263b30
[254472]: 324ms SPX_DBG_TRACE_SCOPE_ENTER:  synthesizer.cpp:1072 DispatchEvent task started...
[254472]: 324ms SPX_DBG_TRACE_SCOPE_ENTER:  synthesizer.cpp:596 CSpxSynthesizer::FireConnectionChanged
[254472]: 324ms SPX_DBG_TRACE_VERBOSE:  synthesizer.cpp:597 CSpxSynthesizer::FireConnectionChanged: Connected
[254472]: 324ms SPX_DBG_TRACE_VERBOSE:  resource_manager.cpp:95 Created 'CSpxConnectionEventArgs' as '189265475'
[254472]: 324ms SPX_DBG_TRACE_SCOPE_EXIT:  synthesizer.cpp:596 CSpxSynthesizer::FireConnectionChanged
[254472]: 324ms SPX_DBG_TRACE_SCOPE_EXIT:  synthesizer.cpp:1072 DispatchEvent task complete!
[395554]: 370ms SPX_TRACE_INFO:  usp_connection.cpp:967 Service originated request received with requestId: af24f8f347014021b153bddcc3cbe665
[395554]: 370ms SPX_TRACE_INFO:  usp_connection.cpp:982 Response Message: content type: application/json; charset=utf-8.
[395554]: 370ms SPX_TRACE_INFO:  usp_connection.cpp:1002 TS:331 Response Message: path: turn.start, size: 75.
[395554]: 385ms SPX_TRACE_INFO:  usp_connection.cpp:982 Response Message: content type: application/json; charset=utf-8.
[395554]: 386ms SPX_TRACE_INFO:  usp_connection.cpp:1002 TS:347 Response Message: path: response, size: 133.
[395554]: 386ms SPX_TRACE_INFO:  usp_connection.cpp:982 Response Message: content type: application/json; charset=utf-8.
[395554]: 386ms SPX_TRACE_INFO:  usp_connection.cpp:1002 TS:347 Response Message: path: audio.metadata, size: 114.
[395554]: 386ms SPX_TRACE_VERBOSE:  usp_tts_engine_adapter.cpp:773 Session end received, audio duration 24625000 ticks
[395554]: 464ms SPX_TRACE_INFO:  usp_connection.cpp:982 Response Message: content type: audio/basic.
[395554]: 465ms SPX_TRACE_INFO:  usp_connection.cpp:1002 TS:426 Response Message: path: audio, size: 37088.
[395554]: 465ms SPX_DBG_TRACE_VERBOSE:  resource_manager.cpp:95 Created 'CSpxPullAudioOutputStream' as '853898539'
[395554]: 465ms SPX_DBG_TRACE_FUNCTION:  synthesis_result.cpp:25 CSpxSynthesisResult::CSpxSynthesisResult
[395554]: 465ms SPX_DBG_TRACE_VERBOSE:  resource_manager.cpp:95 Created 'CSpxSynthesisResult' as '3874248'
[395554]: 465ms SPX_DBG_TRACE_VERBOSE:  named_properties.h:451 ISpxPropertyBagImpl::SetStringValue: this=0x000001B0287E8C38; name='RESULT-SynthesisBackend'; value='online (websocket)'
[395554]: 465ms SPX_DBG_TRACE_VERBOSE:  pull_audio_output_stream.cpp:26 CSpxPullAudioOutputStream::Write buffer 000001B028817857 size=37088
[254472]: 465ms SPX_DBG_TRACE_SCOPE_ENTER:  synthesizer.cpp:1072 DispatchEvent task started...
[395554]: 465ms SPX_DBG_TRACE_VERBOSE:  audio_data_stream.cpp:151 CSpxAudioDataStream::CSpxAudioDataStream::Write buffer 000001B028817857 size=37088
[254472]: 465ms SPX_DBG_TRACE_VERBOSE:  synthesizer.cpp:495 [000001B028794EA0]CSpxSynthesizer::CSpxSynthesizer::FireResultEvent
[395554]: 465ms SPX_DBG_TRACE_SCOPE_ENTER:  default_speaker.cpp:102 CSpxDefaultSpeaker::Write
[395554]: 465ms SPX_DBG_TRACE_VERBOSE:  named_properties.h:451 ISpxNamedProperties::GetStringValue: this=0x000001B00E1907B8; name='AudioConfig_DeviceNameForRender'; value=''
[254472]: 465ms SPX_DBG_TRACE_VERBOSE:  resource_manager.cpp:95 Created 'CSpxSynthesisEventArgs' as '657912386'
[395554]: 465ms SPX_DBG_TRACE_VERBOSE:  default_speaker.cpp:209 The device name of speaker as a property is ''
[254472]: 465ms SPX_DBG_TRACE_VERBOSE:  handle_table.h:106 CSpxHandleTable::TrackHandle p=0x000001B0287B5A20
[254472]: 465ms SPX_DBG_TRACE_VERBOSE:  handle_table.h:116 CSpxHandleTable::TrackHandle class=ISpxSynthesisEventArgs, h=0x000001B0287B5A20, p=0x000001B0287B5A20, tot=1
[254472]: 466ms SPX_DBG_TRACE_VERBOSE:  handle_table.h:106 CSpxHandleTable::TrackHandle p=0x000001B0287A50F0
[254472]: 466ms SPX_DBG_TRACE_VERBOSE:  handle_table.h:116 CSpxHandleTable::TrackHandle class=ISpxSynthesisResult, h=0x000001B0287A50F0, p=0x000001B0287A50F0, tot=1
[254472]: 466ms SPX_DBG_TRACE_VERBOSE:  handle_table.h:106 CSpxHandleTable::TrackHandle p=0x000001B0287A5110
[254472]: 466ms SPX_DBG_TRACE_VERBOSE:  handle_table.h:116 CSpxHandleTable::TrackHandle class=ISpxNamedProperties, h=0x000001B0287A5110, p=0x000001B0287A5110, tot=4
[254472]: 468ms SPX_TRACE_VERBOSE interop_factory.cs:83 Dispose(True) called for 1b0287b5a20
[254472]: 468ms SPX_DBG_TRACE_VERBOSE:  handle_table.h:175 CSpxHandleTable::StopTracking(h) h=0x000001B0287B5A20
[254472]: 468ms SPX_DBG_TRACE_VERBOSE:  handle_table.h:190 CSpxHandleTable::StopTracking(h) class=ISpxSynthesisEventArgs, h=0x000001B0287B5A20, p=0x000001B0287B5A20, tot=0
[254472]: 468ms SPX_TRACE_VERBOSE interop_factory.cs:83 Dispose(True) called for 1b0287a5110
[254472]: 468ms SPX_DBG_TRACE_VERBOSE:  handle_table.h:175 CSpxHandleTable::StopTracking(h) h=0x000001B0287A5110
[254472]: 468ms SPX_DBG_TRACE_VERBOSE:  handle_table.h:190 CSpxHandleTable::StopTracking(h) class=ISpxNamedProperties, h=0x000001B0287A5110, p=0x000001B0287A5110, tot=3
[254472]: 468ms SPX_TRACE_VERBOSE interop_factory.cs:83 Dispose(True) called for 1b0287a50f0
[254472]: 468ms SPX_DBG_TRACE_VERBOSE:  handle_table.h:175 CSpxHandleTable::StopTracking(h) h=0x000001B0287A50F0
[254472]: 468ms SPX_DBG_TRACE_VERBOSE:  handle_table.h:190 CSpxHandleTable::StopTracking(h) class=ISpxSynthesisResult, h=0x000001B0287A50F0, p=0x000001B0287A50F0, tot=0
[254472]: 468ms SPX_DBG_TRACE_SCOPE_EXIT:  synthesizer.cpp:1072 DispatchEvent task complete!
[395554]: 470ms SPX_TRACE_INFO:  audio_sys_win32.cpp:400 default audio device init: hrlocal is 0x0
[395554]: 470ms SPX_DBG_TRACE_VERBOSE:  pull_audio_output_stream.cpp:26 CSpxPullAudioOutputStream::Write buffer 000001B028817857 size=37088
[395554]: 470ms SPX_DBG_TRACE_SCOPE_EXIT:  default_speaker.cpp:102 CSpxDefaultSpeaker::Write
[395554]: 470ms SPX_DBG_TRACE_VERBOSE:  pull_audio_output_stream.cpp:89 CSpxPullAudioOutputStream::AvailableSize: current available size: 37088
[395554]: 470ms SPX_DBG_TRACE_FUNCTION:  synthesis_result.cpp:30 CSpxSynthesisResult::~CSpxSynthesisResult
[395554]: 471ms SPX_TRACE_INFO:  usp_connection.cpp:982 Response Message: content type: audio/basic.
[395554]: 471ms SPX_TRACE_INFO:  usp_connection.cpp:1002 TS:432 Response Message: path: audio, size: 41712.
[395554]: 471ms SPX_DBG_TRACE_FUNCTION:  synthesis_result.cpp:25 CSpxSynthesisResult::CSpxSynthesisResult
[395554]: 471ms SPX_DBG_TRACE_VERBOSE:  resource_manager.cpp:95 Created 'CSpxSynthesisResult' as '3874248'
[395554]: 471ms SPX_DBG_TRACE_VERBOSE:  named_properties.h:451 ISpxNamedProperties::GetStringValue: this=0x000001B0287A5110; name='RESULT-SynthesisBackend'; value='online (websocket)'
[395554]: 471ms SPX_DBG_TRACE_VERBOSE:  pull_audio_output_stream.cpp:89 CSpxPullAudioOutputStream::AvailableSize: current available size: 37088
[395554]: 471ms SPX_DBG_TRACE_VERBOSE:  pull_audio_output_stream.cpp:26 CSpxPullAudioOutputStream::Write buffer 000001B028817857 size=41712
[254472]: 471ms SPX_DBG_TRACE_SCOPE_ENTER:  synthesizer.cpp:1072 DispatchEvent task started...
[395554]: 471ms SPX_DBG_TRACE_VERBOSE:  audio_data_stream.cpp:151 CSpxAudioDataStream::CSpxAudioDataStream::Write buffer 000001B028817857 size=41712
[254472]: 471ms SPX_DBG_TRACE_VERBOSE:  synthesizer.cpp:495 [000001B028794EA0]CSpxSynthesizer::CSpxSynthesizer::FireResultEvent
[395554]: 472ms SPX_DBG_TRACE_SCOPE_ENTER:  default_speaker.cpp:102 CSpxDefaultSpeaker::Write
[395554]: 472ms SPX_DBG_TRACE_VERBOSE:  pull_audio_output_stream.cpp:26 CSpxPullAudioOutputStream::Write buffer 000001B028817857 size=41712
[254472]: 472ms SPX_DBG_TRACE_VERBOSE:  resource_manager.cpp:95 Created 'CSpxSynthesisEventArgs' as '657912386'
[395554]: 472ms SPX_DBG_TRACE_SCOPE_EXIT:  default_speaker.cpp:102 CSpxDefaultSpeaker::Write
[254472]: 472ms SPX_DBG_TRACE_VERBOSE:  handle_table.h:106 CSpxHandleTable::TrackHandle p=0x000001B0287B3FE0
[254472]: 472ms SPX_DBG_TRACE_VERBOSE:  handle_table.h:116 CSpxHandleTable::TrackHandle class=ISpxSynthesisEventArgs, h=0x000001B0287B3FE0, p=0x000001B0287B3FE0, tot=1
[395554]: 472ms SPX_TRACE_INFO:  usp_connection.cpp:1002 TS:433 Response Message: path: audio, size: 0.
[254472]: 472ms SPX_DBG_TRACE_VERBOSE:  handle_table.h:106 CSpxHandleTable::TrackHandle p=0x000001B0287A50F0
[254472]: 472ms SPX_DBG_TRACE_VERBOSE:  handle_table.h:116 CSpxHandleTable::TrackHandle class=ISpxSynthesisResult, h=0x000001B0287A50F0, p=0x000001B0287A50F0, tot=1
[395554]: 472ms SPX_TRACE_INFO:  usp_connection.cpp:982 Response Message: content type: application/json; charset=utf-8.
[395554]: 472ms SPX_TRACE_INFO:  usp_connection.cpp:1002 TS:433 Response Message: path: turn.end, size: 2.
[395554]: 472ms SPX_DBG_TRACE_VERBOSE:  usp_connection.cpp:1069 Got turn end, clear m_streamIdLangMap.
[254472]: 472ms SPX_DBG_TRACE_VERBOSE:  handle_table.h:106 CSpxHandleTable::TrackHandle p=0x000001B0287A5110
[254472]: 472ms SPX_DBG_TRACE_VERBOSE:  handle_table.h:116 CSpxHandleTable::TrackHandle class=ISpxNamedProperties, h=0x000001B0287A5110, p=0x000001B0287A5110, tot=4
[395554]: 472ms SPX_TRACE_INFO:  usp_metrics.cpp:434 Microsoft::CognitiveServices::Speech::USP::CSpxTelemetry::SendSerializedTelemetry: Send telemetry (requestId:af24f8f347014021b153bddcc3cbe665): {"Metrics":[{"End":"2022-06-03T09:37:39.832Z","Id":"8da19dac79604b4b8d034b9a9d5da906","Name":"Connection","Start":"2022-06-03T09:37:39.548Z"},{"DeviceId":["64876aef-823d-42fa-a8cf-9c9b0f785d54"],"Name":"device"}]}
[395554]: 472ms SPX_TRACE_INFO:  usp_metrics.cpp:434 Microsoft::CognitiveServices::Speech::USP::CSpxTelemetry::SendSerializedTelemetry: Send telemetry (requestId:af24f8f347014021b153bddcc3cbe665): {"ReceivedMessages":[{"turn.start":["2022-06-03T09:37:39.878Z"]},{"turn.end":["2022-06-03T09:37:39.980Z"]},{"audio":["2022-06-03T09:37:39.973Z","2022-06-03T09:37:39.979Z","2022-06-03T09:37:39.980Z"]},{"audio.metadata":["2022-06-03T09:37:39.894Z"]},{"response":["2022-06-03T09:37:39.894Z"]}]}
[254472]: 472ms SPX_TRACE_VERBOSE interop_factory.cs:83 Dispose(True) called for 1b0287b3fe0
[254472]: 472ms SPX_DBG_TRACE_VERBOSE:  handle_table.h:175 CSpxHandleTable::StopTracking(h) h=0x000001B0287B3FE0
[254472]: 472ms SPX_DBG_TRACE_VERBOSE:  handle_table.h:190 CSpxHandleTable::StopTracking(h) class=ISpxSynthesisEventArgs, h=0x000001B0287B3FE0, p=0x000001B0287B3FE0, tot=0
[80179]: 472ms SPX_DBG_TRACE_FUNCTION:  synthesis_result.cpp:25 CSpxSynthesisResult::CSpxSynthesisResult
[254472]: 473ms SPX_TRACE_VERBOSE interop_factory.cs:83 Dispose(True) called for 1b0287a5110
[254472]: 473ms SPX_DBG_TRACE_VERBOSE:  handle_table.h:175 CSpxHandleTable::StopTracking(h) h=0x000001B0287A5110
[80179]: 473ms SPX_DBG_TRACE_VERBOSE:  resource_manager.cpp:95 Created 'CSpxSynthesisResult' as '3874248'
[254472]: 473ms SPX_DBG_TRACE_VERBOSE:  handle_table.h:190 CSpxHandleTable::StopTracking(h) class=ISpxNamedProperties, h=0x000001B0287A5110, p=0x000001B0287A5110, tot=3
[80179]: 473ms SPX_TRACE_INFO:  usp_tts_engine_adapter.cpp:289 CSpxUspTtsEngineAdapter::SpeakInternal: synthesis completed. request id: af24f8f347014021b153bddcc3cbe665.
[80179]: 473ms SPX_DBG_TRACE_VERBOSE:  pull_audio_output_stream.cpp:162 Signal End of Writing is called
[254472]: 473ms SPX_TRACE_VERBOSE interop_factory.cs:83 Dispose(True) called for 1b0287a50f0
[80179]: 473ms SPX_DBG_TRACE_VERBOSE:  pull_audio_output_stream.cpp:89 CSpxPullAudioOutputStream::AvailableSize: current available size: 78800
[254472]: 473ms SPX_DBG_TRACE_VERBOSE:  handle_table.h:175 CSpxHandleTable::StopTracking(h) h=0x000001B0287A50F0
[80179]: 473ms SPX_DBG_TRACE_VERBOSE:  pull_audio_output_stream.cpp:89 CSpxPullAudioOutputStream::AvailableSize: current available size: 78800
[254472]: 473ms SPX_DBG_TRACE_VERBOSE:  handle_table.h:190 CSpxHandleTable::StopTracking(h) class=ISpxSynthesisResult, h=0x000001B0287A50F0, p=0x000001B0287A50F0, tot=0
[254472]: 473ms SPX_DBG_TRACE_SCOPE_EXIT:  synthesizer.cpp:1072 DispatchEvent task complete!
[254472]: 473ms SPX_DBG_TRACE_FUNCTION:  synthesis_result.cpp:30 CSpxSynthesisResult::~CSpxSynthesisResult
[80179]: 473ms SPX_DBG_TRACE_VERBOSE:  pull_audio_output_stream.cpp:69 CSpxPullAudioOutputStream::Read: is called
[80179]: 473ms SPX_DBG_TRACE_VERBOSE:  pull_audio_output_stream.cpp:136 CSpxPullAudioOutputStream::Read: bytesRead=78800
[80179]: 473ms SPX_TRACE_VERBOSE:  synthesizer.cpp:345 CSpxSynthesizer::ExecuteSynthesis: audio duration: 2462 ms.
[80179]: 473ms SPX_DBG_TRACE_VERBOSE:  named_properties.h:451 ISpxNamedProperties::GetStringValue: this=0x000001B0287A53F0; name='RESULT-SynthesisBackend'; value='online (websocket)'
[80179]: 473ms SPX_DBG_TRACE_VERBOSE:  named_properties.h:451 ISpxPropertyBagImpl::SetStringValue: this=0x000001B0287E8C38; name='RESULT-SynthesisFirstByteLatencyMs'; value='426'
[80179]: 473ms SPX_DBG_TRACE_VERBOSE:  named_properties.h:451 ISpxPropertyBagImpl::SetStringValue: this=0x000001B0287E8C38; name='RESULT-SynthesisFinishLatencyMs'; value='435'
[80179]: 473ms SPX_DBG_TRACE_VERBOSE:  named_properties.h:451 ISpxPropertyBagImpl::SetStringValue: this=0x000001B0287E8C38; name='RESULT-SynthesisUnderrunTimeMs'; value='0'
[80179]: 473ms SPX_DBG_TRACE_VERBOSE:  pull_audio_output_stream.cpp:162 Signal End of Writing is called
[80179]: 473ms SPX_DBG_TRACE_VERBOSE:  pull_audio_output_stream.cpp:162 Signal End of Writing is called
[843586]: 744ms SPX_DBG_TRACE_VERBOSE:  pull_audio_output_stream.cpp:69 CSpxPullAudioOutputStream::Read: is called
[843586]: 744ms SPX_DBG_TRACE_VERBOSE:  pull_audio_output_stream.cpp:136 CSpxPullAudioOutputStream::Read: bytesRead=32000
[843586]: 744ms SPX_DBG_TRACE_VERBOSE:  pull_audio_output_stream.cpp:69 CSpxPullAudioOutputStream::Read: is called
[843586]: 744ms SPX_DBG_TRACE_VERBOSE:  pull_audio_output_stream.cpp:136 CSpxPullAudioOutputStream::Read: bytesRead=32000
[843586]: 744ms SPX_DBG_TRACE_VERBOSE:  pull_audio_output_stream.cpp:69 CSpxPullAudioOutputStream::Read: is called
[843586]: 744ms SPX_DBG_TRACE_VERBOSE:  pull_audio_output_stream.cpp:136 CSpxPullAudioOutputStream::Read: bytesRead=14800
[843586]: 744ms SPX_DBG_TRACE_VERBOSE:  pull_audio_output_stream.cpp:69 CSpxPullAudioOutputStream::Read: is called
[843586]: 744ms SPX_DBG_TRACE_VERBOSE:  pull_audio_output_stream.cpp:136 CSpxPullAudioOutputStream::Read: bytesRead=0
[843586]: 3210ms SPX_DBG_TRACE_VERBOSE:  default_speaker.cpp:252 CSpxDefaultSpeaker::AudioCompleteCallback
[80179]: 3210ms SPX_DBG_TRACE_FUNCTION:  synthesis_result.cpp:30 CSpxSynthesisResult::~CSpxSynthesisResult
[80179]: 3210ms SPX_DBG_TRACE_VERBOSE:  handle_table.h:106 CSpxHandleTable::TrackHandle p=0x000001B0287A53D0
[80179]: 3210ms SPX_DBG_TRACE_VERBOSE:  handle_table.h:116 CSpxHandleTable::TrackHandle class=ISpxSynthesisResult, h=0x000001B0287A53D0, p=0x000001B0287A53D0, tot=1
[254472]: 3210ms SPX_DBG_TRACE_SCOPE_ENTER:  synthesizer.cpp:1072 DispatchEvent task started...
[254472]: 3210ms SPX_DBG_TRACE_VERBOSE:  synthesizer.cpp:495 [000001B028794EA0]CSpxSynthesizer::CSpxSynthesizer::FireResultEvent
[254472]: 3210ms SPX_DBG_TRACE_VERBOSE:  resource_manager.cpp:95 Created 'CSpxSynthesisEventArgs' as '657912386'
[254472]: 3210ms SPX_DBG_TRACE_VERBOSE:  handle_table.h:106 CSpxHandleTable::TrackHandle p=0x000001B028804760
[80179]: 3210ms SPX_DBG_TRACE_VERBOSE:  handle_table.h:106 CSpxHandleTable::TrackHandle p=0x000001B0287A53F0
[254472]: 3210ms SPX_DBG_TRACE_VERBOSE:  handle_table.h:116 CSpxHandleTable::TrackHandle class=ISpxSynthesisEventArgs, h=0x000001B028804760, p=0x000001B028804760, tot=1
[80179]: 3210ms SPX_DBG_TRACE_VERBOSE:  handle_table.h:116 CSpxHandleTable::TrackHandle class=ISpxNamedProperties, h=0x000001B0287A53F0, p=0x000001B0287A53F0, tot=4
[254472]: 3211ms SPX_DBG_TRACE_VERBOSE:  handle_table.h:106 CSpxHandleTable::TrackHandle p=0x000001B0287A53D0
[254472]: 3211ms SPX_DBG_TRACE_VERBOSE:  handle_table.h:116 CSpxHandleTable::TrackHandle class=ISpxSynthesisResult, h=0x000001B0287A53D0, p=0x000001B0287A53D0, tot=2
[254472]: 3211ms SPX_DBG_TRACE_VERBOSE:  handle_table.h:106 CSpxHandleTable::TrackHandle p=0x000001B0287A53F0
[254472]: 3211ms SPX_DBG_TRACE_VERBOSE:  handle_table.h:116 CSpxHandleTable::TrackHandle class=ISpxNamedProperties, h=0x000001B0287A53F0, p=0x000001B0287A53F0, tot=5
[254472]: 3212ms SPX_TRACE_VERBOSE interop_factory.cs:83 Dispose(True) called for 1b028804760
[254472]: 3212ms SPX_DBG_TRACE_VERBOSE:  handle_table.h:175 CSpxHandleTable::StopTracking(h) h=0x000001B028804760
[254472]: 3212ms SPX_DBG_TRACE_VERBOSE:  handle_table.h:190 CSpxHandleTable::StopTracking(h) class=ISpxSynthesisEventArgs, h=0x000001B028804760, p=0x000001B028804760, tot=0
[254472]: 3212ms SPX_TRACE_VERBOSE interop_factory.cs:83 Dispose(True) called for 1b0287a53f0
[254472]: 3212ms SPX_DBG_TRACE_VERBOSE:  handle_table.h:175 CSpxHandleTable::StopTracking(h) h=0x000001B0287A53F0
[254472]: 3212ms SPX_DBG_TRACE_VERBOSE:  handle_table.h:190 CSpxHandleTable::StopTracking(h) class=ISpxNamedProperties, h=0x000001B0287A53F0, p=0x000001B0287A53F0, tot=4
[254472]: 3212ms SPX_TRACE_VERBOSE interop_factory.cs:83 Dispose(True) called for 1b0287a53d0
[254472]: 3212ms SPX_DBG_TRACE_VERBOSE:  handle_table.h:175 CSpxHandleTable::StopTracking(h) h=0x000001B0287A53D0
[254472]: 3212ms SPX_DBG_TRACE_VERBOSE:  handle_table.h:190 CSpxHandleTable::StopTracking(h) class=ISpxSynthesisResult, h=0x000001B0287A53D0, p=0x000001B0287A53D0, tot=1
[254472]: 3212ms SPX_DBG_TRACE_SCOPE_EXIT:  synthesizer.cpp:1072 DispatchEvent task complete!
[454711]: 3228ms SPX_TRACE_VERBOSE interop_factory.cs:83 Dispose(True) called for 1b028795308
[454711]: 3228ms SPX_DBG_TRACE_VERBOSE:  handle_table.h:175 CSpxHandleTable::StopTracking(h) h=0x000001B028795308
[454711]: 3228ms SPX_DBG_TRACE_VERBOSE:  handle_table.h:190 CSpxHandleTable::StopTracking(h) class=ISpxNamedProperties, h=0x000001B028795308, p=0x000001B028795308, tot=3
[454711]: 3228ms SPX_TRACE_VERBOSE interop_factory.cs:83 Dispose(True) called for 1b028794ed8
[454711]: 3228ms SPX_DBG_TRACE_FUNCTION:  synthesizer.cpp:473 CSpxSynthesizer::SetDisposing
[454711]: 3228ms SPX_DBG_TRACE_VERBOSE:  handle_table.h:175 CSpxHandleTable::StopTracking(h) h=0x000001B028794ED8
[454711]: 3228ms SPX_DBG_TRACE_VERBOSE:  handle_table.h:190 CSpxHandleTable::StopTracking(h) class=ISpxSynthesizer, h=0x000001B028794ED8, p=0x000001B028794ED8, tot=0
[454711]: 3228ms SPX_DBG_TRACE_SCOPE_ENTER:  synthesizer.cpp:41 CSpxSynthesizer::~CSpxSynthesizer
[454711]: 3228ms SPX_DBG_TRACE_VERBOSE:  create_object_helpers.h:78 SpxTerm: ptr=0x000001B028776A38
[454711]: 3228ms SPX_DBG_TRACE_SCOPE_ENTER:  usp_tts_engine_adapter.cpp:74 CSpxUspTtsEngineAdapter::Term
[454711]: 3228ms SPX_DBG_TRACE_VERBOSE:  create_object_helpers.h:78 SpxTerm: ptr=0x000001B02824C348
[454711]: 3228ms SPX_DBG_TRACE_SCOPE_ENTER:  usp_connection.cpp:144 Microsoft::CognitiveServices::Speech::USP::CSpxUspConnection::~CSpxUspConnection
[454711]: 3228ms SPX_DBG_TRACE_SCOPE_EXIT:  usp_connection.cpp:144 Microsoft::CognitiveServices::Speech::USP::CSpxUspConnection::~CSpxUspConnection
[454711]: 3228ms SPX_DBG_TRACE_SCOPE_ENTER:  web_socket.cpp:289 CSpxWebSocket::~CSpxWebSocket
[454711]: 3228ms SPX_TRACE_INFO:  web_socket.cpp:547 [000001B02824D610] Web socket upload rate this period was is 0.5335 KB/s
[454711]: 3228ms SPX_TRACE_INFO:  web_socket.cpp:551 CSpxWebSocket::Disconnect: start the close handshake.
[454711]: 3242ms SPX_TRACE_INFO:  web_socket.cpp:568 CSpxWebSocket::Disconnect: Continue to pump while waiting for close frame response (1/100).
[454711]: 3257ms SPX_TRACE_INFO:  web_socket.cpp:568 CSpxWebSocket::Disconnect: Continue to pump while waiting for close frame response (2/100).
[454711]: 3273ms SPX_TRACE_INFO:  web_socket.cpp:568 CSpxWebSocket::Disconnect: Continue to pump while waiting for close frame response (3/100).
[245364]: 3273ms SPX_TRACE_INFO: AZ_LOG_INFO:  uws_client.c:1496 on_underlying_io_bytes_received: Close frame received
[245364]: 3273ms SPX_TRACE_INFO: AZ_LOG_INFO:  uws_client.c:1574 on_underlying_io_bytes_received: closing underlying io.
[245364]: 3273ms SPX_TRACE_INFO: AZ_LOG_INFO:  uws_client.c:939 on_underlying_io_close_complete: uws_state: 6.
[245364]: 3273ms SPX_TRACE_INFO:  web_socket.cpp:1162 CSpxWebSocket::OnWebSocketClosed: context=000001B02824D610
[454711]: 3289ms SPX_TRACE_INFO:  web_socket.cpp:573 CSpxWebSocket::Disconnect: retries 3. isOpen: false
[454711]: 3289ms SPX_TRACE_INFO:  web_socket.cpp:596 CSpxWebSocket::Disconnect: destroying uwsclient.
[454711]: 3289ms SPX_DBG_TRACE_SCOPE_EXIT:  web_socket.cpp:289 CSpxWebSocket::~CSpxWebSocket
[454711]: 3289ms SPX_DBG_TRACE_SCOPE_EXIT:  usp_tts_engine_adapter.cpp:74 CSpxUspTtsEngineAdapter::Term
[454711]: 3289ms SPX_DBG_TRACE_VERBOSE:  usp_tts_engine_adapter.cpp:53 CSpxUspTtsEngineAdapter::~CSpxUspTtsEngineAdapter: this=0x000001B0287769E0
[454711]: 3289ms SPX_DBG_TRACE_VERBOSE:  create_object_helpers.h:78 SpxTerm: ptr=0x000001B00E269E68
[454711]: 3289ms SPX_DBG_TRACE_SCOPE_ENTER:  thread_service.cpp:47 CSpxThreadService::Term
[454711]: 3290ms SPX_DBG_TRACE_SCOPE_EXIT:  thread_service.cpp:47 CSpxThreadService::Term
[454711]: 3290ms SPX_DBG_TRACE_VERBOSE:  create_object_helpers.h:78 SpxTerm: ptr=0x000001B00E190828
[454711]: 3290ms SPX_DBG_TRACE_SCOPE_EXIT:  synthesizer.cpp:41 CSpxSynthesizer::~CSpxSynthesizer
[454711]: 3290ms SPX_DBG_TRACE_SCOPE_ENTER:  thread_service.cpp:47 CSpxThreadService::Term
[454711]: 3290ms SPX_DBG_TRACE_SCOPE_EXIT:  thread_service.cpp:47 CSpxThreadService::Term
[777678]: 3290ms SPX_DBG_TRACE_SCOPE_EXIT:  com_init_and_uninit.cpp:44 com worker_thread_proc done
[454711]: 3291ms SPX_TRACE_VERBOSE interop_factory.cs:83 Dispose(True) called for 1b02876dd98
[454711]: 3291ms SPX_DBG_TRACE_VERBOSE:  handle_table.h:175 CSpxHandleTable::StopTracking(h) h=0x000001B02876DD98
[454711]: 3291ms SPX_DBG_TRACE_VERBOSE:  handle_table.h:190 CSpxHandleTable::StopTracking(h) class=ISpxNamedProperties, h=0x000001B02876DD98, p=0x000001B02876DD98, tot=2
[454711]: 3294ms SPX_DBG_TRACE_FUNCTION:  memory_logger.cpp:127 MemoryLogger::Exit
[454711]: 3294ms SPX_DBG_TRACE_FUNCTION:  resource_manager.cpp:76 CSpxResourceManager::~CSpxResourceManager
