[103494]: 10ms SPX_DBG_TRACE_VERBOSE:  resource_manager.cpp:95 Created 'CSpxThreadService' as '303073113'
[103494]: 10ms SPX_TRACE_WARNING: resource_manager.cpp:103 Failed to create 'CSpxCodecAdapter' as '199052375'. Are all required extension libraries loaded?
[103494]: 10ms SPX_DBG_TRACE_VERBOSE:  usp_tts_engine_adapter.cpp:48 CSpxUspTtsEngineAdapter::CSpxUspTtsEngineAdapter
[103494]: 10ms SPX_DBG_TRACE_VERBOSE:  resource_manager.cpp:95 Created 'CSpxUspTtsEngineAdapter' as '919101823'
[103494]: 11ms SPX_DBG_TRACE_SCOPE_ENTER:  com_init_and_uninit.cpp:18 ComInitAndUnInit ctor enter
[999011]: 12ms SPX_DBG_TRACE_SCOPE_ENTER:  com_init_and_uninit.cpp:44 com worker_thread_proc() enter
[999011]: 12ms SPX_DBG_TRACE_VERBOSE:  com_init_and_uninit.cpp:53 com successfully Initialized
[103494]: 12ms SPX_DBG_TRACE_SCOPE_EXIT:  com_init_and_uninit.cpp:18 ComInitAndUnInit ctor done
[103494]: 12ms SPX_DBG_TRACE_VERBOSE:  resource_manager.cpp:95 Created 'CSpxDefaultSpeaker' as '853898539'
[103494]: 12ms SPX_DBG_TRACE_VERBOSE:  resource_manager.cpp:95 Created 'CSpxPullAudioOutputStream' as '853898539'
[103494]: 12ms SPX_DBG_TRACE_VERBOSE:  cloud_tts_engine_adapter.cpp:131 CSpxCloudTtsEngineAdapter::SetOutput
[103494]: 12ms SPX_TRACE_INFO:  cloud_tts_engine_adapter.cpp:203 CSpxCloudTtsEngineAdapter::SetOutput: request format [riff-16khz-16bit-mono-pcm] has header, using raw format instead for streaming.
[103494]: 12ms SPX_DBG_TRACE_VERBOSE:  handle_table.h:106 CSpxHandleTable::TrackHandle p=0x000001D7FB8BC2E8
[103494]: 12ms SPX_DBG_TRACE_VERBOSE:  handle_table.h:116 CSpxHandleTable::TrackHandle class=ISpxSynthesizer, h=0x000001D7FB8BC2E8, p=0x000001D7FB8BC2E8, tot=1
[103494]: 12ms SPX_DBG_TRACE_SCOPE_EXIT:  speechapi_c_factory.cpp:476 synthesizer_create_speech_synthesizer_from_config
[103494]: 12ms SPX_DBG_TRACE_VERBOSE:  handle_table.h:106 CSpxHandleTable::TrackHandle p=0x000001D7FB8BC718
[103494]: 12ms SPX_DBG_TRACE_VERBOSE:  handle_table.h:116 CSpxHandleTable::TrackHandle class=ISpxNamedProperties, h=0x000001D7FB8BC718, p=0x000001D7FB8BC718, tot=3
[475711]: 23ms SPX_DBG_TRACE_VERBOSE:  resource_manager.cpp:95 Created 'CSpxAudioDataStream' as '418301898'
[475711]: 23ms SPX_DBG_TRACE_VERBOSE:  null_audio_output.h:93 CSpxNullAudioOutput::SetFormat is called with format 0x000001D7FB8C2F60
[475711]: 24ms SPX_DBG_TRACE_FUNCTION:  synthesis_result.cpp:25 CSpxSynthesisResult::CSpxSynthesisResult
[475711]: 24ms SPX_DBG_TRACE_VERBOSE:  resource_manager.cpp:95 Created 'CSpxSynthesisResult' as '3874248'
[475711]: 24ms SPX_TRACE_VERBOSE:  synthesizer.cpp:243 CSpxSynthesizer::ExecuteSynthesis: synthesis started, request id: 6d54079bc0b041fc81e59c1a5dec6e90; text: Ist dieses Zeug nicht cool?
[475711]: 24ms SPX_DBG_TRACE_VERBOSE:  synthesizer_timeout_management.cpp:30 SynthesisTimeoutManagement::SetTimeoutValues: RTF set to 2.00; frame timeout interval set to 3000 ms.
[475711]: 24ms SPX_DBG_TRACE_VERBOSE:  usp_tts_engine_adapter.cpp:80 CSpxUspTtsEngineAdapter::Speak
[475711]: 24ms SPX_DBG_TRACE_VERBOSE:  usp_tts_engine_adapter.cpp:98 CSpxUspTtsEngineAdapter::Speak: start to send synthesis request, request id : 6d54079bc0b041fc81e59c1a5dec6e90, try: 0
[475711]: 24ms SPX_DBG_TRACE_VERBOSE:  named_properties.h:451 ISpxNamedProperties::GetStringValue: this=0x000001D7FB8BC718; name='SPEECH-SynthVoice'; value='de-DE-KatjaNeural'
[387387]: 24ms SPX_DBG_TRACE_SCOPE_ENTER:  synthesizer.cpp:1072 DispatchEvent task started...
[475711]: 24ms SPX_DBG_TRACE_VERBOSE:  usp_tts_engine_adapter.cpp:173 SSML sent to TTS cognitive service: <speak version='1.0' xmlns='http://www.w3.org/2001/10/synthesis' xmlns:mstts='http://www.w3.org/2001/mstts' xmlns:emo='http://www.w3.org/2009/10/emotionml' xml:lang='en-US'><voice name='de-DE-KatjaNeural'>Ist dieses Zeug nicht cool?</voice></speak>
[387387]: 24ms SPX_DBG_TRACE_VERBOSE:  synthesizer.cpp:495 [000001D7FB8BC2B0]CSpxSynthesizer::CSpxSynthesizer::FireResultEvent
[475711]: 24ms SPX_DBG_TRACE_VERBOSE:  usp_tts_engine_adapter.cpp:456 CSpxUspTtsEngineAdapter::UspInitialize: this=0x000001D7FB8BCBF0
[475711]: 24ms SPX_DBG_TRACE_VERBOSE:  named_properties.h:451 ISpxNamedProperties::GetStringValue: this=0x000001D7FB8BC718; name='SPEECH-SubscriptionKey'; value='******************************a2'
[475711]: 24ms SPX_DBG_TRACE_VERBOSE:  named_properties.h:451 ISpxNamedProperties::GetStringValue: this=0x000001D7FB8BCC58; name='AZAC-SDK-PROGRAMMING-LANGUAGE'; value='C#'
[475711]: 24ms SPX_DBG_TRACE_VERBOSE:  named_properties.h:451 ISpxNamedProperties::GetStringValue: this=0x000001D7FB8BCC58; name='SPEECH-UserDefinedQueryParameters'; value='traffictype=spx'
[387387]: 24ms SPX_DBG_TRACE_VERBOSE:  resource_manager.cpp:95 Created 'CSpxSynthesisEventArgs' as '657912386'
[475711]: 24ms SPX_DBG_TRACE_VERBOSE:  named_properties.h:451 ISpxPropertyBagImpl::SetStringValue: this=0x000001D7FB8BCC58; name='HttpHeader#User-agent'; value='spx SpeechSDK-C#/1.21.0 Windows Client 8'
[475711]: 24ms SPX_DBG_TRACE_VERBOSE:  named_properties.h:451 ISpxNamedProperties::FindPrefix: this=0x000001D7FB8BCC58; name='User-agent'; value='spx SpeechSDK-C#/1.21.0 Windows Client 8'
[387387]: 24ms SPX_DBG_TRACE_VERBOSE:  handle_table.h:106 CSpxHandleTable::TrackHandle p=0x000001D7FB8F2E50
[475711]: 24ms SPX_DBG_TRACE_VERBOSE:  resource_manager.cpp:95 Created 'CSpxUspCallbackWrapper' as '978711522'
[387387]: 24ms SPX_DBG_TRACE_VERBOSE:  handle_table.h:116 CSpxHandleTable::TrackHandle class=ISpxSynthesisEventArgs, h=0x000001D7FB8F2E50, p=0x000001D7FB8F2E50, tot=1
[475711]: 24ms SPX_DBG_TRACE_VERBOSE:  named_properties.h:451 ISpxNamedProperties::GetStringValue: this=0x000001D7FB8BC718; name='SPEECH-Region'; value='northeurope'
[475711]: 24ms SPX_DBG_TRACE_VERBOSE:  named_properties.h:451 ISpxNamedProperties::GetStringValue: this=0x000001D7FB8BC718; name='SPEECH-ProxyHostBypass'; value=''
[475711]: 24ms SPX_DBG_TRACE_VERBOSE:  resource_manager.cpp:95 Created 'CSpxUspConnection' as '792041254'
[475711]: 24ms SPX_TRACE_INFO:  usp_connection.cpp:460 Microsoft::CognitiveServices::Speech::USP::CSpxUspConnection::Connect: entering...
[475711]: 24ms SPX_TRACE_INFO:  usp_connection.cpp:477 Adding subscription key headers
[475711]: 24ms SPX_TRACE_INFO:  usp_connection.cpp:512 Set a user defined HTTP header 'User-agent':'spx SpeechSDK-C#/1.21.0 Windows Client 8'
[475711]: 24ms SPX_TRACE_INFO:  usp_connection.cpp:518 Set an underlying io option 'tcp_nodelay'
[475711]: 24ms SPX_TRACE_INFO:  usp_connection.cpp:527 connectionUrl=wss://northeurope.tts.speech.microsoft.com/cognitiveservices/websocket/v1
[475711]: 24ms SPX_DBG_TRACE_VERBOSE:  resource_manager.cpp:95 Created 'CSpxTelemetry' as '151041793'
[475711]: 24ms SPX_DBG_TRACE_SCOPE_ENTER:  web_socket.cpp:284 CSpxWebSocket::CSpxWebSocket
[475711]: 24ms SPX_DBG_TRACE_SCOPE_EXIT:  web_socket.cpp:284 CSpxWebSocket::CSpxWebSocket
[475711]: 24ms SPX_DBG_TRACE_VERBOSE:  resource_manager.cpp:95 Created 'CSpxWebSocket' as '482598724'
[475711]: 24ms SPX_DBG_TRACE_VERBOSE:  named_properties.h:451 ISpxPropertyBagImpl::SetStringValue: this=0x000001D7FB8BC718; name='SPEECH-ConnectionUrl'; value='wss://northeurope.tts.speech.microsoft.com/cognitiveservices/websocket/v1'
[475711]: 24ms SPX_DBG_TRACE_VERBOSE:  usp_tts_engine_adapter.cpp:345 speech.config {"context":{"system":{"version":"1.21.0","name":"SpeechSDK","build":"Windows-x64"},"os":{"platform":"Windows","name":"Client","version":"8"}}}
[475711]: 24ms SPX_DBG_TRACE_VERBOSE:  usp_tts_engine_adapter.cpp:396 speech.config='{"context":{"system":{"version":"1.21.0","name":"SpeechSDK","build":"Windows-x64"},"os":{"platform":"Windows","name":"Client","version":"8"}}}'
[475711]: 24ms SPX_DBG_TRACE_VERBOSE:  usp_tts_engine_adapter.cpp:396 synthesis.context='{"synthesis":{"audio":{"outputFormat":"raw-16khz-16bit-mono-pcm","metadataOptions":{"visemeEnabled":false,"bookmarkEnabled":false,"wordBoundaryEnabled":false,"punctuationBoundaryEnabled":false,"sentenceBoundaryEnabled":false,"sessionEndEnabled":true}},"language":{"autoDetection":false}}}'
[475711]: 24ms SPX_DBG_TRACE_VERBOSE:  usp_tts_engine_adapter.cpp:381 ssml <speak version='1.0' xmlns='http://www.w3.org/2001/10/synthesis' xmlns:mstts='http://www.w3.org/2001/mstts' xmlns:emo='http://www.w3.org/2009/10/emotionml' xml:lang='en-US'><voice name='de-DE-KatjaNeural'>Ist dieses Zeug nicht cool?</voice></speak>
[993553]: 24ms SPX_TRACE_INFO:  web_socket.cpp:952 CSpxWebSocket::DoWork: open transport.
[387387]: 24ms SPX_DBG_TRACE_VERBOSE:  handle_table.h:106 CSpxHandleTable::TrackHandle p=0x000001D7FB8CAB20
[475711]: 24ms SPX_DBG_TRACE_VERBOSE:  usp_tts_engine_adapter.cpp:396 ssml='<speak version='1.0' xmlns='http://www.w3.org/2001/10/synthesis' xmlns:mstts='http://www.w3.org/2001/mstts' xmlns:emo='http://www.w3.org/2009/10/emotionml' xml:lang='en-US'><voice name='de-DE-KatjaNeural'>Ist dieses Zeug nicht cool?</voice></speak>'
[993553]: 24ms SPX_TRACE_INFO:  web_socket.cpp:646 Start to open websocket. WebSocket: 0xe2eecdf0, wsio handle: 0xfb8af7c0
[387387]: 24ms SPX_DBG_TRACE_VERBOSE:  handle_table.h:116 CSpxHandleTable::TrackHandle class=ISpxSynthesisResult, h=0x000001D7FB8CAB20, p=0x000001D7FB8CAB20, tot=1
[387387]: 27ms SPX_DBG_TRACE_VERBOSE:  handle_table.h:106 CSpxHandleTable::TrackHandle p=0x000001D7FB8CAB40
[387387]: 27ms SPX_DBG_TRACE_VERBOSE:  handle_table.h:116 CSpxHandleTable::TrackHandle class=ISpxNamedProperties, h=0x000001D7FB8CAB40, p=0x000001D7FB8CAB40, tot=4
[387387]: 30ms SPX_TRACE_VERBOSE interop_factory.cs:83 Dispose(True) called for 1d7fb8f2e50
[387387]: 30ms SPX_DBG_TRACE_VERBOSE:  handle_table.h:175 CSpxHandleTable::StopTracking(h) h=0x000001D7FB8F2E50
[387387]: 30ms SPX_DBG_TRACE_VERBOSE:  handle_table.h:190 CSpxHandleTable::StopTracking(h) class=ISpxSynthesisEventArgs, h=0x000001D7FB8F2E50, p=0x000001D7FB8F2E50, tot=0
[387387]: 30ms SPX_TRACE_VERBOSE interop_factory.cs:83 Dispose(True) called for 1d7fb8cab40
[387387]: 30ms SPX_DBG_TRACE_VERBOSE:  handle_table.h:175 CSpxHandleTable::StopTracking(h) h=0x000001D7FB8CAB40
[387387]: 30ms SPX_DBG_TRACE_VERBOSE:  handle_table.h:190 CSpxHandleTable::StopTracking(h) class=ISpxNamedProperties, h=0x000001D7FB8CAB40, p=0x000001D7FB8CAB40, tot=3
[387387]: 30ms SPX_TRACE_VERBOSE interop_factory.cs:83 Dispose(True) called for 1d7fb8cab20
[387387]: 30ms SPX_DBG_TRACE_VERBOSE:  handle_table.h:175 CSpxHandleTable::StopTracking(h) h=0x000001D7FB8CAB20
[387387]: 30ms SPX_DBG_TRACE_VERBOSE:  handle_table.h:190 CSpxHandleTable::StopTracking(h) class=ISpxSynthesisResult, h=0x000001D7FB8CAB20, p=0x000001D7FB8CAB20, tot=0
[387387]: 30ms SPX_DBG_TRACE_SCOPE_EXIT:  synthesizer.cpp:1072 DispatchEvent task complete!
[993553]: 256ms SPX_TRACE_INFO:  usp_connection.cpp:761 Create requestId  for messageType 0
[993553]: 470ms SPX_TRACE_INFO:  web_socket.cpp:1029 Opening websocket completed. TransportRequest: 0xe2eecdf0, wsio handle: 0xfb8af7c0
[993553]: 471ms SPX_TRACE_INFO:  usp_connection.cpp:876 TS:448, OnConnected: connection:0xe2e1dd30
[387387]: 471ms SPX_DBG_TRACE_SCOPE_ENTER:  synthesizer.cpp:1072 DispatchEvent task started...
[387387]: 471ms SPX_DBG_TRACE_SCOPE_ENTER:  synthesizer.cpp:596 CSpxSynthesizer::FireConnectionChanged
[387387]: 471ms SPX_DBG_TRACE_VERBOSE:  synthesizer.cpp:597 CSpxSynthesizer::FireConnectionChanged: Connected
[387387]: 471ms SPX_DBG_TRACE_VERBOSE:  resource_manager.cpp:95 Created 'CSpxConnectionEventArgs' as '189265475'
[387387]: 471ms SPX_DBG_TRACE_SCOPE_EXIT:  synthesizer.cpp:596 CSpxSynthesizer::FireConnectionChanged
[387387]: 471ms SPX_DBG_TRACE_SCOPE_EXIT:  synthesizer.cpp:1072 DispatchEvent task complete!
[993553]: 517ms SPX_TRACE_INFO:  usp_connection.cpp:967 Service originated request received with requestId: 6d54079bc0b041fc81e59c1a5dec6e90
[993553]: 517ms SPX_TRACE_INFO:  usp_connection.cpp:982 Response Message: content type: application/json; charset=utf-8.
[993553]: 517ms SPX_TRACE_INFO:  usp_connection.cpp:1002 TS:494 Response Message: path: turn.start, size: 75.
[993553]: 532ms SPX_TRACE_INFO:  usp_connection.cpp:982 Response Message: content type: application/json; charset=utf-8.
[993553]: 533ms SPX_TRACE_INFO:  usp_connection.cpp:1002 TS:509 Response Message: path: response, size: 133.
[993553]: 658ms SPX_TRACE_INFO:  usp_connection.cpp:982 Response Message: content type: audio/basic.
[993553]: 658ms SPX_TRACE_INFO:  usp_connection.cpp:1002 TS:635 Response Message: path: audio, size: 37088.
[993553]: 658ms SPX_DBG_TRACE_VERBOSE:  resource_manager.cpp:95 Created 'CSpxPullAudioOutputStream' as '853898539'
[993553]: 658ms SPX_DBG_TRACE_FUNCTION:  synthesis_result.cpp:25 CSpxSynthesisResult::CSpxSynthesisResult
[993553]: 658ms SPX_DBG_TRACE_VERBOSE:  resource_manager.cpp:95 Created 'CSpxSynthesisResult' as '3874248'
[993553]: 658ms SPX_DBG_TRACE_VERBOSE:  named_properties.h:451 ISpxPropertyBagImpl::SetStringValue: this=0x000001D7FB912D28; name='RESULT-SynthesisBackend'; value='online (websocket)'
[993553]: 658ms SPX_DBG_TRACE_VERBOSE:  pull_audio_output_stream.cpp:26 CSpxPullAudioOutputStream::Write buffer 000001D7FB956C77 size=37088
[387387]: 658ms SPX_DBG_TRACE_SCOPE_ENTER:  synthesizer.cpp:1072 DispatchEvent task started...
[387387]: 658ms SPX_DBG_TRACE_VERBOSE:  synthesizer.cpp:495 [000001D7FB8BC2B0]CSpxSynthesizer::CSpxSynthesizer::FireResultEvent
[993553]: 658ms SPX_DBG_TRACE_VERBOSE:  audio_data_stream.cpp:151 CSpxAudioDataStream::CSpxAudioDataStream::Write buffer 000001D7FB956C77 size=37088
[387387]: 659ms SPX_DBG_TRACE_VERBOSE:  resource_manager.cpp:95 Created 'CSpxSynthesisEventArgs' as '657912386'
[993553]: 659ms SPX_DBG_TRACE_SCOPE_ENTER:  default_speaker.cpp:102 CSpxDefaultSpeaker::Write
[387387]: 659ms SPX_DBG_TRACE_VERBOSE:  handle_table.h:106 CSpxHandleTable::TrackHandle p=0x000001D7FB8F4A70
[387387]: 659ms SPX_DBG_TRACE_VERBOSE:  handle_table.h:116 CSpxHandleTable::TrackHandle class=ISpxSynthesisEventArgs, h=0x000001D7FB8F4A70, p=0x000001D7FB8F4A70, tot=1
[993553]: 659ms SPX_DBG_TRACE_VERBOSE:  named_properties.h:451 ISpxNamedProperties::GetStringValue: this=0x000001D7FB8DD848; name='AudioConfig_DeviceNameForRender'; value=''
[993553]: 659ms SPX_DBG_TRACE_VERBOSE:  default_speaker.cpp:209 The device name of speaker as a property is ''
[387387]: 659ms SPX_DBG_TRACE_VERBOSE:  handle_table.h:106 CSpxHandleTable::TrackHandle p=0x000001D7FB8CB980
[387387]: 659ms SPX_DBG_TRACE_VERBOSE:  handle_table.h:116 CSpxHandleTable::TrackHandle class=ISpxSynthesisResult, h=0x000001D7FB8CB980, p=0x000001D7FB8CB980, tot=1
[387387]: 660ms SPX_DBG_TRACE_VERBOSE:  handle_table.h:106 CSpxHandleTable::TrackHandle p=0x000001D7FB8CB9A0
[387387]: 660ms SPX_DBG_TRACE_VERBOSE:  handle_table.h:116 CSpxHandleTable::TrackHandle class=ISpxNamedProperties, h=0x000001D7FB8CB9A0, p=0x000001D7FB8CB9A0, tot=4
[387387]: 661ms SPX_TRACE_VERBOSE interop_factory.cs:83 Dispose(True) called for 1d7fb8f4a70
[387387]: 661ms SPX_DBG_TRACE_VERBOSE:  handle_table.h:175 CSpxHandleTable::StopTracking(h) h=0x000001D7FB8F4A70
[387387]: 661ms SPX_DBG_TRACE_VERBOSE:  handle_table.h:190 CSpxHandleTable::StopTracking(h) class=ISpxSynthesisEventArgs, h=0x000001D7FB8F4A70, p=0x000001D7FB8F4A70, tot=0
[387387]: 661ms SPX_TRACE_VERBOSE interop_factory.cs:83 Dispose(True) called for 1d7fb8cb9a0
[387387]: 661ms SPX_DBG_TRACE_VERBOSE:  handle_table.h:175 CSpxHandleTable::StopTracking(h) h=0x000001D7FB8CB9A0
[387387]: 661ms SPX_DBG_TRACE_VERBOSE:  handle_table.h:190 CSpxHandleTable::StopTracking(h) class=ISpxNamedProperties, h=0x000001D7FB8CB9A0, p=0x000001D7FB8CB9A0, tot=3
[387387]: 662ms SPX_TRACE_VERBOSE interop_factory.cs:83 Dispose(True) called for 1d7fb8cb980
[387387]: 662ms SPX_DBG_TRACE_VERBOSE:  handle_table.h:175 CSpxHandleTable::StopTracking(h) h=0x000001D7FB8CB980
[387387]: 662ms SPX_DBG_TRACE_VERBOSE:  handle_table.h:190 CSpxHandleTable::StopTracking(h) class=ISpxSynthesisResult, h=0x000001D7FB8CB980, p=0x000001D7FB8CB980, tot=0
[387387]: 662ms SPX_DBG_TRACE_SCOPE_EXIT:  synthesizer.cpp:1072 DispatchEvent task complete!
[993553]: 665ms SPX_TRACE_INFO:  audio_sys_win32.cpp:400 default audio device init: hrlocal is 0x0
[993553]: 665ms SPX_DBG_TRACE_VERBOSE:  pull_audio_output_stream.cpp:26 CSpxPullAudioOutputStream::Write buffer 000001D7FB956C77 size=37088
[993553]: 665ms SPX_DBG_TRACE_SCOPE_EXIT:  default_speaker.cpp:102 CSpxDefaultSpeaker::Write
[993553]: 665ms SPX_DBG_TRACE_VERBOSE:  pull_audio_output_stream.cpp:89 CSpxPullAudioOutputStream::AvailableSize: current available size: 37088
[993553]: 665ms SPX_DBG_TRACE_FUNCTION:  synthesis_result.cpp:30 CSpxSynthesisResult::~CSpxSynthesisResult
[993553]: 688ms SPX_TRACE_INFO:  usp_connection.cpp:982 Response Message: content type: audio/basic.
[993553]: 688ms SPX_TRACE_INFO:  usp_connection.cpp:1002 TS:664 Response Message: path: audio, size: 16380.
[993553]: 688ms SPX_DBG_TRACE_FUNCTION:  synthesis_result.cpp:25 CSpxSynthesisResult::CSpxSynthesisResult
[993553]: 688ms SPX_DBG_TRACE_VERBOSE:  resource_manager.cpp:95 Created 'CSpxSynthesisResult' as '3874248'
[993553]: 688ms SPX_DBG_TRACE_VERBOSE:  named_properties.h:451 ISpxNamedProperties::GetStringValue: this=0x000001D7FB8CB550; name='RESULT-SynthesisBackend'; value='online (websocket)'
[993553]: 688ms SPX_DBG_TRACE_VERBOSE:  pull_audio_output_stream.cpp:89 CSpxPullAudioOutputStream::AvailableSize: current available size: 37088
[993553]: 688ms SPX_DBG_TRACE_VERBOSE:  pull_audio_output_stream.cpp:26 CSpxPullAudioOutputStream::Write buffer 000001D7FB956C77 size=16380
[993553]: 688ms SPX_DBG_TRACE_VERBOSE:  audio_data_stream.cpp:151 CSpxAudioDataStream::CSpxAudioDataStream::Write buffer 000001D7FB956C77 size=16380
[387387]: 688ms SPX_DBG_TRACE_SCOPE_ENTER:  synthesizer.cpp:1072 DispatchEvent task started...
[993553]: 688ms SPX_DBG_TRACE_SCOPE_ENTER:  default_speaker.cpp:102 CSpxDefaultSpeaker::Write
[993553]: 688ms SPX_DBG_TRACE_VERBOSE:  pull_audio_output_stream.cpp:26 CSpxPullAudioOutputStream::Write buffer 000001D7FB956C77 size=16380
[387387]: 688ms SPX_DBG_TRACE_VERBOSE:  synthesizer.cpp:495 [000001D7FB8BC2B0]CSpxSynthesizer::CSpxSynthesizer::FireResultEvent
[993553]: 688ms SPX_DBG_TRACE_SCOPE_EXIT:  default_speaker.cpp:102 CSpxDefaultSpeaker::Write
[387387]: 688ms SPX_DBG_TRACE_VERBOSE:  resource_manager.cpp:95 Created 'CSpxSynthesisEventArgs' as '657912386'
[387387]: 688ms SPX_DBG_TRACE_VERBOSE:  handle_table.h:106 CSpxHandleTable::TrackHandle p=0x000001D7FB991480
[387387]: 688ms SPX_DBG_TRACE_VERBOSE:  handle_table.h:116 CSpxHandleTable::TrackHandle class=ISpxSynthesisEventArgs, h=0x000001D7FB991480, p=0x000001D7FB991480, tot=1
[387387]: 688ms SPX_DBG_TRACE_VERBOSE:  handle_table.h:106 CSpxHandleTable::TrackHandle p=0x000001D7FB8CB530
[387387]: 688ms SPX_DBG_TRACE_VERBOSE:  handle_table.h:116 CSpxHandleTable::TrackHandle class=ISpxSynthesisResult, h=0x000001D7FB8CB530, p=0x000001D7FB8CB530, tot=1
[387387]: 689ms SPX_DBG_TRACE_VERBOSE:  handle_table.h:106 CSpxHandleTable::TrackHandle p=0x000001D7FB8CB550
[387387]: 689ms SPX_DBG_TRACE_VERBOSE:  handle_table.h:116 CSpxHandleTable::TrackHandle class=ISpxNamedProperties, h=0x000001D7FB8CB550, p=0x000001D7FB8CB550, tot=4
[387387]: 689ms SPX_TRACE_VERBOSE interop_factory.cs:83 Dispose(True) called for 1d7fb991480
[387387]: 689ms SPX_DBG_TRACE_VERBOSE:  handle_table.h:175 CSpxHandleTable::StopTracking(h) h=0x000001D7FB991480
[387387]: 689ms SPX_DBG_TRACE_VERBOSE:  handle_table.h:190 CSpxHandleTable::StopTracking(h) class=ISpxSynthesisEventArgs, h=0x000001D7FB991480, p=0x000001D7FB991480, tot=0
[387387]: 689ms SPX_TRACE_VERBOSE interop_factory.cs:83 Dispose(True) called for 1d7fb8cb550
[387387]: 689ms SPX_DBG_TRACE_VERBOSE:  handle_table.h:175 CSpxHandleTable::StopTracking(h) h=0x000001D7FB8CB550
[387387]: 689ms SPX_DBG_TRACE_VERBOSE:  handle_table.h:190 CSpxHandleTable::StopTracking(h) class=ISpxNamedProperties, h=0x000001D7FB8CB550, p=0x000001D7FB8CB550, tot=3
[387387]: 689ms SPX_TRACE_VERBOSE interop_factory.cs:83 Dispose(True) called for 1d7fb8cb530
[387387]: 689ms SPX_DBG_TRACE_VERBOSE:  handle_table.h:175 CSpxHandleTable::StopTracking(h) h=0x000001D7FB8CB530
[387387]: 689ms SPX_DBG_TRACE_VERBOSE:  handle_table.h:190 CSpxHandleTable::StopTracking(h) class=ISpxSynthesisResult, h=0x000001D7FB8CB530, p=0x000001D7FB8CB530, tot=0
[387387]: 689ms SPX_DBG_TRACE_SCOPE_EXIT:  synthesizer.cpp:1072 DispatchEvent task complete!
[387387]: 689ms SPX_DBG_TRACE_FUNCTION:  synthesis_result.cpp:30 CSpxSynthesisResult::~CSpxSynthesisResult
[993553]: 703ms SPX_TRACE_INFO:  usp_connection.cpp:982 Response Message: content type: audio/basic.
[993553]: 704ms SPX_TRACE_INFO:  usp_connection.cpp:1002 TS:680 Response Message: path: audio, size: 21838.
[993553]: 704ms SPX_DBG_TRACE_FUNCTION:  synthesis_result.cpp:25 CSpxSynthesisResult::CSpxSynthesisResult
[993553]: 704ms SPX_DBG_TRACE_VERBOSE:  resource_manager.cpp:95 Created 'CSpxSynthesisResult' as '3874248'
[993553]: 704ms SPX_DBG_TRACE_VERBOSE:  named_properties.h:451 ISpxNamedProperties::GetStringValue: this=0x000001D7FB8CB550; name='RESULT-SynthesisBackend'; value='online (websocket)'
[387387]: 704ms SPX_DBG_TRACE_SCOPE_ENTER:  synthesizer.cpp:1072 DispatchEvent task started...
[387387]: 704ms SPX_DBG_TRACE_VERBOSE:  synthesizer.cpp:495 [000001D7FB8BC2B0]CSpxSynthesizer::CSpxSynthesizer::FireResultEvent
[993553]: 704ms SPX_DBG_TRACE_VERBOSE:  pull_audio_output_stream.cpp:89 CSpxPullAudioOutputStream::AvailableSize: current available size: 53468
[387387]: 704ms SPX_DBG_TRACE_VERBOSE:  resource_manager.cpp:95 Created 'CSpxSynthesisEventArgs' as '657912386'
[993553]: 704ms SPX_DBG_TRACE_VERBOSE:  pull_audio_output_stream.cpp:26 CSpxPullAudioOutputStream::Write buffer 000001D7FB956C77 size=21838
[387387]: 704ms SPX_DBG_TRACE_VERBOSE:  handle_table.h:106 CSpxHandleTable::TrackHandle p=0x000001D7FB9904C0
[993553]: 704ms SPX_DBG_TRACE_VERBOSE:  audio_data_stream.cpp:151 CSpxAudioDataStream::CSpxAudioDataStream::Write buffer 000001D7FB956C77 size=21838
[993553]: 704ms SPX_DBG_TRACE_SCOPE_ENTER:  default_speaker.cpp:102 CSpxDefaultSpeaker::Write
[387387]: 704ms SPX_DBG_TRACE_VERBOSE:  handle_table.h:116 CSpxHandleTable::TrackHandle class=ISpxSynthesisEventArgs, h=0x000001D7FB9904C0, p=0x000001D7FB9904C0, tot=1
[993553]: 704ms SPX_DBG_TRACE_VERBOSE:  pull_audio_output_stream.cpp:26 CSpxPullAudioOutputStream::Write buffer 000001D7FB956C77 size=21838
[993553]: 704ms SPX_DBG_TRACE_SCOPE_EXIT:  default_speaker.cpp:102 CSpxDefaultSpeaker::Write
[387387]: 704ms SPX_DBG_TRACE_VERBOSE:  handle_table.h:106 CSpxHandleTable::TrackHandle p=0x000001D7FB8CB530
[387387]: 704ms SPX_DBG_TRACE_VERBOSE:  handle_table.h:116 CSpxHandleTable::TrackHandle class=ISpxSynthesisResult, h=0x000001D7FB8CB530, p=0x000001D7FB8CB530, tot=1
[993553]: 704ms SPX_TRACE_INFO:  usp_connection.cpp:982 Response Message: content type: audio/basic.
[993553]: 705ms SPX_TRACE_INFO:  usp_connection.cpp:1002 TS:681 Response Message: path: audio, size: 3494.
[993553]: 705ms SPX_DBG_TRACE_FUNCTION:  synthesis_result.cpp:25 CSpxSynthesisResult::CSpxSynthesisResult
[387387]: 705ms SPX_DBG_TRACE_VERBOSE:  handle_table.h:106 CSpxHandleTable::TrackHandle p=0x000001D7FB8CB550
[993553]: 705ms SPX_DBG_TRACE_VERBOSE:  resource_manager.cpp:95 Created 'CSpxSynthesisResult' as '3874248'
[387387]: 705ms SPX_DBG_TRACE_VERBOSE:  handle_table.h:116 CSpxHandleTable::TrackHandle class=ISpxNamedProperties, h=0x000001D7FB8CB550, p=0x000001D7FB8CB550, tot=4
[993553]: 705ms SPX_DBG_TRACE_VERBOSE:  named_properties.h:451 ISpxNamedProperties::GetStringValue: this=0x000001D7FB8CC690; name='RESULT-SynthesisBackend'; value='online (websocket)'
[993553]: 705ms SPX_DBG_TRACE_VERBOSE:  pull_audio_output_stream.cpp:89 CSpxPullAudioOutputStream::AvailableSize: current available size: 75306
[993553]: 705ms SPX_DBG_TRACE_VERBOSE:  pull_audio_output_stream.cpp:26 CSpxPullAudioOutputStream::Write buffer 000001D7FB956C77 size=3494
[993553]: 705ms SPX_DBG_TRACE_VERBOSE:  audio_data_stream.cpp:151 CSpxAudioDataStream::CSpxAudioDataStream::Write buffer 000001D7FB956C77 size=3494
[993553]: 705ms SPX_DBG_TRACE_SCOPE_ENTER:  default_speaker.cpp:102 CSpxDefaultSpeaker::Write
[993553]: 705ms SPX_DBG_TRACE_VERBOSE:  pull_audio_output_stream.cpp:26 CSpxPullAudioOutputStream::Write buffer 000001D7FB956C77 size=3494
[993553]: 705ms SPX_DBG_TRACE_SCOPE_EXIT:  default_speaker.cpp:102 CSpxDefaultSpeaker::Write
[387387]: 705ms SPX_TRACE_VERBOSE interop_factory.cs:83 Dispose(True) called for 1d7fb9904c0
[993553]: 705ms SPX_TRACE_INFO:  usp_connection.cpp:982 Response Message: content type: application/json; charset=utf-8.
[387387]: 705ms SPX_DBG_TRACE_VERBOSE:  handle_table.h:175 CSpxHandleTable::StopTracking(h) h=0x000001D7FB9904C0
[993553]: 705ms SPX_TRACE_INFO:  usp_connection.cpp:1002 TS:682 Response Message: path: audio.metadata, size: 114.
[387387]: 705ms SPX_DBG_TRACE_VERBOSE:  handle_table.h:190 CSpxHandleTable::StopTracking(h) class=ISpxSynthesisEventArgs, h=0x000001D7FB9904C0, p=0x000001D7FB9904C0, tot=0
[993553]: 705ms SPX_TRACE_VERBOSE:  usp_tts_engine_adapter.cpp:773 Session end received, audio duration 24625000 ticks
[387387]: 705ms SPX_TRACE_VERBOSE interop_factory.cs:83 Dispose(True) called for 1d7fb8cb550
[387387]: 705ms SPX_DBG_TRACE_VERBOSE:  handle_table.h:175 CSpxHandleTable::StopTracking(h) h=0x000001D7FB8CB550
[993553]: 705ms SPX_TRACE_INFO:  usp_connection.cpp:1002 TS:682 Response Message: path: audio, size: 0.
[387387]: 705ms SPX_DBG_TRACE_VERBOSE:  handle_table.h:190 CSpxHandleTable::StopTracking(h) class=ISpxNamedProperties, h=0x000001D7FB8CB550, p=0x000001D7FB8CB550, tot=3
[387387]: 705ms SPX_TRACE_VERBOSE interop_factory.cs:83 Dispose(True) called for 1d7fb8cb530
[993553]: 705ms SPX_TRACE_INFO:  usp_connection.cpp:982 Response Message: content type: application/json; charset=utf-8.
[387387]: 705ms SPX_DBG_TRACE_VERBOSE:  handle_table.h:175 CSpxHandleTable::StopTracking(h) h=0x000001D7FB8CB530
[993553]: 705ms SPX_TRACE_INFO:  usp_connection.cpp:1002 TS:682 Response Message: path: turn.end, size: 2.
[387387]: 705ms SPX_DBG_TRACE_VERBOSE:  handle_table.h:190 CSpxHandleTable::StopTracking(h) class=ISpxSynthesisResult, h=0x000001D7FB8CB530, p=0x000001D7FB8CB530, tot=0
[993553]: 705ms SPX_DBG_TRACE_VERBOSE:  usp_connection.cpp:1069 Got turn end, clear m_streamIdLangMap.
[387387]: 705ms SPX_DBG_TRACE_SCOPE_EXIT:  synthesizer.cpp:1072 DispatchEvent task complete!
[387387]: 705ms SPX_DBG_TRACE_FUNCTION:  synthesis_result.cpp:30 CSpxSynthesisResult::~CSpxSynthesisResult
[993553]: 705ms SPX_TRACE_INFO:  usp_metrics.cpp:434 Microsoft::CognitiveServices::Speech::USP::CSpxTelemetry::SendSerializedTelemetry: Send telemetry (requestId:6d54079bc0b041fc81e59c1a5dec6e90): {"Metrics":[{"End":"2022-06-03T09:37:24.303Z","Id":"fe54f173d4a54bfab8c2b9af2ef15a7b","Name":"Connection","Start":"2022-06-03T09:37:23.856Z"},{"DeviceId":["a8c7fc0e-6b9c-4ae7-bfff-7111ba30218e"],"Name":"device"}]}
[387387]: 705ms SPX_DBG_TRACE_SCOPE_ENTER:  synthesizer.cpp:1072 DispatchEvent task started...
[387387]: 705ms SPX_DBG_TRACE_VERBOSE:  synthesizer.cpp:495 [000001D7FB8BC2B0]CSpxSynthesizer::CSpxSynthesizer::FireResultEvent
[993553]: 706ms SPX_TRACE_INFO:  usp_metrics.cpp:434 Microsoft::CognitiveServices::Speech::USP::CSpxTelemetry::SendSerializedTelemetry: Send telemetry (requestId:6d54079bc0b041fc81e59c1a5dec6e90): {"ReceivedMessages":[{"turn.start":["2022-06-03T09:37:24.349Z"]},{"turn.end":["2022-06-03T09:37:24.537Z"]},{"audio":["2022-06-03T09:37:24.490Z","2022-06-03T09:37:24.519Z","2022-06-03T09:37:24.535Z","2022-06-03T09:37:24.536Z","2022-06-03T09:37:24.537Z"]},{"audio.metadata":["2022-06-03T09:37:24.536Z"]},{"response":["2022-06-03T09:37:24.364Z"]}]}
[387387]: 706ms SPX_DBG_TRACE_VERBOSE:  resource_manager.cpp:95 Created 'CSpxSynthesisEventArgs' as '657912386'
[387387]: 706ms SPX_DBG_TRACE_VERBOSE:  handle_table.h:106 CSpxHandleTable::TrackHandle p=0x000001D7FB991180
[387387]: 706ms SPX_DBG_TRACE_VERBOSE:  handle_table.h:116 CSpxHandleTable::TrackHandle class=ISpxSynthesisEventArgs, h=0x000001D7FB991180, p=0x000001D7FB991180, tot=1
[387387]: 706ms SPX_DBG_TRACE_VERBOSE:  handle_table.h:106 CSpxHandleTable::TrackHandle p=0x000001D7FB8CC670
[387387]: 706ms SPX_DBG_TRACE_VERBOSE:  handle_table.h:116 CSpxHandleTable::TrackHandle class=ISpxSynthesisResult, h=0x000001D7FB8CC670, p=0x000001D7FB8CC670, tot=1
[475711]: 706ms SPX_DBG_TRACE_FUNCTION:  synthesis_result.cpp:25 CSpxSynthesisResult::CSpxSynthesisResult
[387387]: 706ms SPX_DBG_TRACE_VERBOSE:  handle_table.h:106 CSpxHandleTable::TrackHandle p=0x000001D7FB8CC690
[475711]: 706ms SPX_DBG_TRACE_VERBOSE:  resource_manager.cpp:95 Created 'CSpxSynthesisResult' as '3874248'
[387387]: 706ms SPX_DBG_TRACE_VERBOSE:  handle_table.h:116 CSpxHandleTable::TrackHandle class=ISpxNamedProperties, h=0x000001D7FB8CC690, p=0x000001D7FB8CC690, tot=4
[475711]: 706ms SPX_TRACE_INFO:  usp_tts_engine_adapter.cpp:289 CSpxUspTtsEngineAdapter::SpeakInternal: synthesis completed. request id: 6d54079bc0b041fc81e59c1a5dec6e90.
[475711]: 706ms SPX_DBG_TRACE_VERBOSE:  pull_audio_output_stream.cpp:162 Signal End of Writing is called
[475711]: 706ms SPX_DBG_TRACE_VERBOSE:  pull_audio_output_stream.cpp:89 CSpxPullAudioOutputStream::AvailableSize: current available size: 78800
[475711]: 706ms SPX_DBG_TRACE_VERBOSE:  pull_audio_output_stream.cpp:89 CSpxPullAudioOutputStream::AvailableSize: current available size: 78800
[387387]: 706ms SPX_TRACE_VERBOSE interop_factory.cs:83 Dispose(True) called for 1d7fb991180
[475711]: 706ms SPX_DBG_TRACE_VERBOSE:  pull_audio_output_stream.cpp:69 CSpxPullAudioOutputStream::Read: is called
[387387]: 706ms SPX_DBG_TRACE_VERBOSE:  handle_table.h:175 CSpxHandleTable::StopTracking(h) h=0x000001D7FB991180
[387387]: 706ms SPX_DBG_TRACE_VERBOSE:  handle_table.h:190 CSpxHandleTable::StopTracking(h) class=ISpxSynthesisEventArgs, h=0x000001D7FB991180, p=0x000001D7FB991180, tot=0
[475711]: 706ms SPX_DBG_TRACE_VERBOSE:  pull_audio_output_stream.cpp:136 CSpxPullAudioOutputStream::Read: bytesRead=78800
[475711]: 706ms SPX_TRACE_VERBOSE:  synthesizer.cpp:345 CSpxSynthesizer::ExecuteSynthesis: audio duration: 2462 ms.
[387387]: 706ms SPX_TRACE_VERBOSE interop_factory.cs:83 Dispose(True) called for 1d7fb8cc690
[387387]: 706ms SPX_DBG_TRACE_VERBOSE:  handle_table.h:175 CSpxHandleTable::StopTracking(h) h=0x000001D7FB8CC690
[387387]: 706ms SPX_DBG_TRACE_VERBOSE:  handle_table.h:190 CSpxHandleTable::StopTracking(h) class=ISpxNamedProperties, h=0x000001D7FB8CC690, p=0x000001D7FB8CC690, tot=3
[387387]: 706ms SPX_TRACE_VERBOSE interop_factory.cs:83 Dispose(True) called for 1d7fb8cc670
[475711]: 706ms SPX_DBG_TRACE_VERBOSE:  named_properties.h:451 ISpxNamedProperties::GetStringValue: this=0x000001D7FB8CB9A0; name='RESULT-SynthesisBackend'; value='online (websocket)'
[387387]: 706ms SPX_DBG_TRACE_VERBOSE:  handle_table.h:175 CSpxHandleTable::StopTracking(h) h=0x000001D7FB8CC670
[475711]: 706ms SPX_DBG_TRACE_VERBOSE:  named_properties.h:451 ISpxPropertyBagImpl::SetStringValue: this=0x000001D7FB912D28; name='RESULT-SynthesisFirstByteLatencyMs'; value='634'
[387387]: 706ms SPX_DBG_TRACE_VERBOSE:  handle_table.h:190 CSpxHandleTable::StopTracking(h) class=ISpxSynthesisResult, h=0x000001D7FB8CC670, p=0x000001D7FB8CC670, tot=0
[475711]: 706ms SPX_DBG_TRACE_VERBOSE:  named_properties.h:451 ISpxPropertyBagImpl::SetStringValue: this=0x000001D7FB912D28; name='RESULT-SynthesisFinishLatencyMs'; value='683'
[387387]: 707ms SPX_DBG_TRACE_SCOPE_EXIT:  synthesizer.cpp:1072 DispatchEvent task complete!
[475711]: 707ms SPX_DBG_TRACE_VERBOSE:  named_properties.h:451 ISpxPropertyBagImpl::SetStringValue: this=0x000001D7FB912D28; name='RESULT-SynthesisUnderrunTimeMs'; value='0'
[387387]: 707ms SPX_DBG_TRACE_FUNCTION:  synthesis_result.cpp:30 CSpxSynthesisResult::~CSpxSynthesisResult
[475711]: 707ms SPX_DBG_TRACE_VERBOSE:  pull_audio_output_stream.cpp:162 Signal End of Writing is called
[475711]: 707ms SPX_DBG_TRACE_VERBOSE:  pull_audio_output_stream.cpp:162 Signal End of Writing is called
[387875]: 2294ms SPX_DBG_TRACE_VERBOSE:  pull_audio_output_stream.cpp:69 CSpxPullAudioOutputStream::Read: is called
[387875]: 2294ms SPX_DBG_TRACE_VERBOSE:  pull_audio_output_stream.cpp:136 CSpxPullAudioOutputStream::Read: bytesRead=32000
[387875]: 2294ms SPX_DBG_TRACE_VERBOSE:  pull_audio_output_stream.cpp:69 CSpxPullAudioOutputStream::Read: is called
[387875]: 2294ms SPX_DBG_TRACE_VERBOSE:  pull_audio_output_stream.cpp:136 CSpxPullAudioOutputStream::Read: bytesRead=32000
[387875]: 2294ms SPX_DBG_TRACE_VERBOSE:  pull_audio_output_stream.cpp:69 CSpxPullAudioOutputStream::Read: is called
[387875]: 2294ms SPX_DBG_TRACE_VERBOSE:  pull_audio_output_stream.cpp:136 CSpxPullAudioOutputStream::Read: bytesRead=14800
[387875]: 2294ms SPX_DBG_TRACE_VERBOSE:  pull_audio_output_stream.cpp:69 CSpxPullAudioOutputStream::Read: is called
[387875]: 2294ms SPX_DBG_TRACE_VERBOSE:  pull_audio_output_stream.cpp:136 CSpxPullAudioOutputStream::Read: bytesRead=0
[387875]: 4759ms SPX_DBG_TRACE_VERBOSE:  default_speaker.cpp:252 CSpxDefaultSpeaker::AudioCompleteCallback
[475711]: 4759ms SPX_DBG_TRACE_FUNCTION:  synthesis_result.cpp:30 CSpxSynthesisResult::~CSpxSynthesisResult
[475711]: 4759ms SPX_DBG_TRACE_VERBOSE:  handle_table.h:106 CSpxHandleTable::TrackHandle p=0x000001D7FB8CB980
[475711]: 4759ms SPX_DBG_TRACE_VERBOSE:  handle_table.h:116 CSpxHandleTable::TrackHandle class=ISpxSynthesisResult, h=0x000001D7FB8CB980, p=0x000001D7FB8CB980, tot=1
[387387]: 4759ms SPX_DBG_TRACE_SCOPE_ENTER:  synthesizer.cpp:1072 DispatchEvent task started...
[387387]: 4759ms SPX_DBG_TRACE_VERBOSE:  synthesizer.cpp:495 [000001D7FB8BC2B0]CSpxSynthesizer::CSpxSynthesizer::FireResultEvent
[387387]: 4759ms SPX_DBG_TRACE_VERBOSE:  resource_manager.cpp:95 Created 'CSpxSynthesisEventArgs' as '657912386'
[387387]: 4759ms SPX_DBG_TRACE_VERBOSE:  handle_table.h:106 CSpxHandleTable::TrackHandle p=0x000001D7FB8F37B0
[387387]: 4760ms SPX_DBG_TRACE_VERBOSE:  handle_table.h:116 CSpxHandleTable::TrackHandle class=ISpxSynthesisEventArgs, h=0x000001D7FB8F37B0, p=0x000001D7FB8F37B0, tot=1
[475711]: 4760ms SPX_DBG_TRACE_VERBOSE:  handle_table.h:106 CSpxHandleTable::TrackHandle p=0x000001D7FB8CB9A0
[475711]: 4760ms SPX_DBG_TRACE_VERBOSE:  handle_table.h:116 CSpxHandleTable::TrackHandle class=ISpxNamedProperties, h=0x000001D7FB8CB9A0, p=0x000001D7FB8CB9A0, tot=4
[387387]: 4760ms SPX_DBG_TRACE_VERBOSE:  handle_table.h:106 CSpxHandleTable::TrackHandle p=0x000001D7FB8CB980
[387387]: 4760ms SPX_DBG_TRACE_VERBOSE:  handle_table.h:116 CSpxHandleTable::TrackHandle class=ISpxSynthesisResult, h=0x000001D7FB8CB980, p=0x000001D7FB8CB980, tot=2
[387387]: 4760ms SPX_DBG_TRACE_VERBOSE:  handle_table.h:106 CSpxHandleTable::TrackHandle p=0x000001D7FB8CB9A0
[387387]: 4760ms SPX_DBG_TRACE_VERBOSE:  handle_table.h:116 CSpxHandleTable::TrackHandle class=ISpxNamedProperties, h=0x000001D7FB8CB9A0, p=0x000001D7FB8CB9A0, tot=5
[387387]: 4760ms SPX_TRACE_VERBOSE interop_factory.cs:83 Dispose(True) called for 1d7fb8f37b0
[387387]: 4760ms SPX_DBG_TRACE_VERBOSE:  handle_table.h:175 CSpxHandleTable::StopTracking(h) h=0x000001D7FB8F37B0
[387387]: 4760ms SPX_DBG_TRACE_VERBOSE:  handle_table.h:190 CSpxHandleTable::StopTracking(h) class=ISpxSynthesisEventArgs, h=0x000001D7FB8F37B0, p=0x000001D7FB8F37B0, tot=0
[387387]: 4760ms SPX_TRACE_VERBOSE interop_factory.cs:83 Dispose(True) called for 1d7fb8cb9a0
[387387]: 4760ms SPX_DBG_TRACE_VERBOSE:  handle_table.h:175 CSpxHandleTable::StopTracking(h) h=0x000001D7FB8CB9A0
[387387]: 4760ms SPX_DBG_TRACE_VERBOSE:  handle_table.h:190 CSpxHandleTable::StopTracking(h) class=ISpxNamedProperties, h=0x000001D7FB8CB9A0, p=0x000001D7FB8CB9A0, tot=4
[387387]: 4760ms SPX_TRACE_VERBOSE interop_factory.cs:83 Dispose(True) called for 1d7fb8cb980
[387387]: 4760ms SPX_DBG_TRACE_VERBOSE:  handle_table.h:175 CSpxHandleTable::StopTracking(h) h=0x000001D7FB8CB980
[387387]: 4761ms SPX_DBG_TRACE_VERBOSE:  handle_table.h:190 CSpxHandleTable::StopTracking(h) class=ISpxSynthesisResult, h=0x000001D7FB8CB980, p=0x000001D7FB8CB980, tot=1
[387387]: 4761ms SPX_DBG_TRACE_SCOPE_EXIT:  synthesizer.cpp:1072 DispatchEvent task complete!
[103494]: 4762ms SPX_TRACE_VERBOSE interop_factory.cs:83 Dispose(True) called for 1d7fb8bc718
[103494]: 4762ms SPX_DBG_TRACE_VERBOSE:  handle_table.h:175 CSpxHandleTable::StopTracking(h) h=0x000001D7FB8BC718
[103494]: 4762ms SPX_DBG_TRACE_VERBOSE:  handle_table.h:190 CSpxHandleTable::StopTracking(h) class=ISpxNamedProperties, h=0x000001D7FB8BC718, p=0x000001D7FB8BC718, tot=3
[103494]: 4762ms SPX_TRACE_VERBOSE interop_factory.cs:83 Dispose(True) called for 1d7fb8bc2e8
[103494]: 4762ms SPX_DBG_TRACE_FUNCTION:  synthesizer.cpp:473 CSpxSynthesizer::SetDisposing
[103494]: 4762ms SPX_DBG_TRACE_VERBOSE:  handle_table.h:175 CSpxHandleTable::StopTracking(h) h=0x000001D7FB8BC2E8
[103494]: 4762ms SPX_DBG_TRACE_VERBOSE:  handle_table.h:190 CSpxHandleTable::StopTracking(h) class=ISpxSynthesizer, h=0x000001D7FB8BC2E8, p=0x000001D7FB8BC2E8, tot=0
[103494]: 4763ms SPX_DBG_TRACE_SCOPE_ENTER:  synthesizer.cpp:41 CSpxSynthesizer::~CSpxSynthesizer
[103494]: 4763ms SPX_DBG_TRACE_VERBOSE:  create_object_helpers.h:78 SpxTerm: ptr=0x000001D7FB8BCC48
[103494]: 4763ms SPX_DBG_TRACE_SCOPE_ENTER:  usp_tts_engine_adapter.cpp:74 CSpxUspTtsEngineAdapter::Term
[103494]: 4763ms SPX_DBG_TRACE_VERBOSE:  create_object_helpers.h:78 SpxTerm: ptr=0x000001D7FB913D98
[103494]: 4763ms SPX_DBG_TRACE_SCOPE_ENTER:  usp_connection.cpp:144 Microsoft::CognitiveServices::Speech::USP::CSpxUspConnection::~CSpxUspConnection
[103494]: 4763ms SPX_DBG_TRACE_SCOPE_EXIT:  usp_connection.cpp:144 Microsoft::CognitiveServices::Speech::USP::CSpxUspConnection::~CSpxUspConnection
[103494]: 4763ms SPX_DBG_TRACE_SCOPE_ENTER:  web_socket.cpp:289 CSpxWebSocket::~CSpxWebSocket
[103494]: 4763ms SPX_TRACE_INFO:  web_socket.cpp:547 [000001D7E2EECDF0] Web socket upload rate this period was is 0.3732 KB/s
[103494]: 4763ms SPX_TRACE_INFO:  web_socket.cpp:551 CSpxWebSocket::Disconnect: start the close handshake.
[103494]: 4784ms SPX_TRACE_INFO:  web_socket.cpp:568 CSpxWebSocket::Disconnect: Continue to pump while waiting for close frame response (1/100).
[103494]: 4799ms SPX_TRACE_INFO:  web_socket.cpp:568 CSpxWebSocket::Disconnect: Continue to pump while waiting for close frame response (2/100).
[103494]: 4815ms SPX_TRACE_INFO:  web_socket.cpp:568 CSpxWebSocket::Disconnect: Continue to pump while waiting for close frame response (3/100).
[116920]: 4816ms SPX_TRACE_INFO: AZ_LOG_INFO:  uws_client.c:1496 on_underlying_io_bytes_received: Close frame received
[116920]: 4816ms SPX_TRACE_INFO: AZ_LOG_INFO:  uws_client.c:1574 on_underlying_io_bytes_received: closing underlying io.
[116920]: 4816ms SPX_TRACE_INFO: AZ_LOG_INFO:  uws_client.c:939 on_underlying_io_close_complete: uws_state: 6.
[116920]: 4816ms SPX_TRACE_INFO:  web_socket.cpp:1162 CSpxWebSocket::OnWebSocketClosed: context=000001D7E2EECDF0
[103494]: 4831ms SPX_TRACE_INFO:  web_socket.cpp:573 CSpxWebSocket::Disconnect: retries 3. isOpen: false
[103494]: 4831ms SPX_TRACE_INFO:  web_socket.cpp:596 CSpxWebSocket::Disconnect: destroying uwsclient.
[103494]: 4831ms SPX_DBG_TRACE_SCOPE_EXIT:  web_socket.cpp:289 CSpxWebSocket::~CSpxWebSocket
[103494]: 4831ms SPX_DBG_TRACE_SCOPE_EXIT:  usp_tts_engine_adapter.cpp:74 CSpxUspTtsEngineAdapter::Term
[103494]: 4831ms SPX_DBG_TRACE_VERBOSE:  usp_tts_engine_adapter.cpp:53 CSpxUspTtsEngineAdapter::~CSpxUspTtsEngineAdapter: this=0x000001D7FB8BCBF0
[103494]: 4831ms SPX_DBG_TRACE_VERBOSE:  create_object_helpers.h:78 SpxTerm: ptr=0x000001D7E1536888
[103494]: 4831ms SPX_DBG_TRACE_SCOPE_ENTER:  thread_service.cpp:47 CSpxThreadService::Term
[103494]: 4832ms SPX_DBG_TRACE_SCOPE_EXIT:  thread_service.cpp:47 CSpxThreadService::Term
[103494]: 4832ms SPX_DBG_TRACE_VERBOSE:  create_object_helpers.h:78 SpxTerm: ptr=0x000001D7FB8DD8B8
[103494]: 4832ms SPX_DBG_TRACE_SCOPE_EXIT:  synthesizer.cpp:41 CSpxSynthesizer::~CSpxSynthesizer
[103494]: 4832ms SPX_DBG_TRACE_SCOPE_ENTER:  thread_service.cpp:47 CSpxThreadService::Term
[103494]: 4832ms SPX_DBG_TRACE_SCOPE_EXIT:  thread_service.cpp:47 CSpxThreadService::Term
[999011]: 4832ms SPX_DBG_TRACE_SCOPE_EXIT:  com_init_and_uninit.cpp:44 com worker_thread_proc done
[103494]: 4833ms SPX_TRACE_VERBOSE interop_factory.cs:83 Dispose(True) called for 1d7fb8c1098
[103494]: 4833ms SPX_DBG_TRACE_VERBOSE:  handle_table.h:175 CSpxHandleTable::StopTracking(h) h=0x000001D7FB8C1098
[103494]: 4833ms SPX_DBG_TRACE_VERBOSE:  handle_table.h:190 CSpxHandleTable::StopTracking(h) class=ISpxNamedProperties, h=0x000001D7FB8C1098, p=0x000001D7FB8C1098, tot=2
[103494]: 4836ms SPX_DBG_TRACE_FUNCTION:  memory_logger.cpp:127 MemoryLogger::Exit
[103494]: 4836ms SPX_DBG_TRACE_FUNCTION:  resource_manager.cpp:76 CSpxResourceManager::~CSpxResourceManager
