[71683]: 9ms SPX_DBG_TRACE_VERBOSE:  resource_manager.cpp:95 Created 'CSpxThreadService' as '303073113'
[71683]: 9ms SPX_TRACE_WARNING: resource_manager.cpp:103 Failed to create 'CSpxCodecAdapter' as '199052375'. Are all required extension libraries loaded?
[71683]: 9ms SPX_DBG_TRACE_VERBOSE:  usp_tts_engine_adapter.cpp:48 CSpxUspTtsEngineAdapter::CSpxUspTtsEngineAdapter
[71683]: 9ms SPX_DBG_TRACE_VERBOSE:  resource_manager.cpp:95 Created 'CSpxUspTtsEngineAdapter' as '919101823'
[71683]: 10ms SPX_DBG_TRACE_SCOPE_ENTER:  com_init_and_uninit.cpp:18 ComInitAndUnInit ctor enter
[897132]: 10ms SPX_DBG_TRACE_SCOPE_ENTER:  com_init_and_uninit.cpp:44 com worker_thread_proc() enter
[897132]: 10ms SPX_DBG_TRACE_VERBOSE:  com_init_and_uninit.cpp:53 com successfully Initialized
[71683]: 10ms SPX_DBG_TRACE_SCOPE_EXIT:  com_init_and_uninit.cpp:18 ComInitAndUnInit ctor done
[71683]: 10ms SPX_DBG_TRACE_VERBOSE:  resource_manager.cpp:95 Created 'CSpxDefaultSpeaker' as '853898539'
[71683]: 10ms SPX_DBG_TRACE_VERBOSE:  resource_manager.cpp:95 Created 'CSpxPullAudioOutputStream' as '853898539'
[71683]: 11ms SPX_DBG_TRACE_VERBOSE:  cloud_tts_engine_adapter.cpp:131 CSpxCloudTtsEngineAdapter::SetOutput
[71683]: 11ms SPX_TRACE_INFO:  cloud_tts_engine_adapter.cpp:203 CSpxCloudTtsEngineAdapter::SetOutput: request format [riff-16khz-16bit-mono-pcm] has header, using raw format instead for streaming.
[71683]: 11ms SPX_DBG_TRACE_VERBOSE:  handle_table.h:106 CSpxHandleTable::TrackHandle p=0x000002785ADB7108
[71683]: 11ms SPX_DBG_TRACE_VERBOSE:  handle_table.h:116 CSpxHandleTable::TrackHandle class=ISpxSynthesizer, h=0x000002785ADB7108, p=0x000002785ADB7108, tot=1
[71683]: 11ms SPX_DBG_TRACE_SCOPE_EXIT:  speechapi_c_factory.cpp:476 synthesizer_create_speech_synthesizer_from_config
[71683]: 11ms SPX_DBG_TRACE_VERBOSE:  handle_table.h:106 CSpxHandleTable::TrackHandle p=0x000002785ADB7538
[71683]: 11ms SPX_DBG_TRACE_VERBOSE:  handle_table.h:116 CSpxHandleTable::TrackHandle class=ISpxNamedProperties, h=0x000002785ADB7538, p=0x000002785ADB7538, tot=3
[831600]: 20ms SPX_DBG_TRACE_VERBOSE:  resource_manager.cpp:95 Created 'CSpxAudioDataStream' as '418301898'
[831600]: 20ms SPX_DBG_TRACE_VERBOSE:  null_audio_output.h:93 CSpxNullAudioOutput::SetFormat is called with format 0x000002785ADACF50
[831600]: 20ms SPX_DBG_TRACE_FUNCTION:  synthesis_result.cpp:25 CSpxSynthesisResult::CSpxSynthesisResult
[831600]: 20ms SPX_DBG_TRACE_VERBOSE:  resource_manager.cpp:95 Created 'CSpxSynthesisResult' as '3874248'
[831600]: 20ms SPX_TRACE_VERBOSE:  synthesizer.cpp:243 CSpxSynthesizer::ExecuteSynthesis: synthesis started, request id: 40d552e263734ae99899787fb5d45bc2; text: Hast du das über den Hai-Vulkan gehört?
[831600]: 20ms SPX_DBG_TRACE_VERBOSE:  synthesizer_timeout_management.cpp:30 SynthesisTimeoutManagement::SetTimeoutValues: RTF set to 2.00; frame timeout interval set to 3000 ms.
[831600]: 20ms SPX_DBG_TRACE_VERBOSE:  usp_tts_engine_adapter.cpp:80 CSpxUspTtsEngineAdapter::Speak
[831600]: 20ms SPX_DBG_TRACE_VERBOSE:  usp_tts_engine_adapter.cpp:98 CSpxUspTtsEngineAdapter::Speak: start to send synthesis request, request id : 40d552e263734ae99899787fb5d45bc2, try: 0
[831600]: 20ms SPX_DBG_TRACE_VERBOSE:  named_properties.h:451 ISpxNamedProperties::GetStringValue: this=0x000002785ADB7538; name='SPEECH-SynthVoice'; value='de-DE-KatjaNeural'
[831600]: 20ms SPX_DBG_TRACE_VERBOSE:  usp_tts_engine_adapter.cpp:173 SSML sent to TTS cognitive service: <speak version='1.0' xmlns='http://www.w3.org/2001/10/synthesis' xmlns:mstts='http://www.w3.org/2001/mstts' xmlns:emo='http://www.w3.org/2009/10/emotionml' xml:lang='en-US'><voice name='de-DE-KatjaNeural'>Hast du das über den Hai-Vulkan gehört?</voice></speak>
[831600]: 20ms SPX_DBG_TRACE_VERBOSE:  usp_tts_engine_adapter.cpp:456 CSpxUspTtsEngineAdapter::UspInitialize: this=0x000002785ADB7A10
[831600]: 20ms SPX_DBG_TRACE_VERBOSE:  named_properties.h:451 ISpxNamedProperties::GetStringValue: this=0x000002785ADB7538; name='SPEECH-SubscriptionKey'; value='******************************a2'
[831600]: 20ms SPX_DBG_TRACE_VERBOSE:  named_properties.h:451 ISpxNamedProperties::GetStringValue: this=0x000002785ADB7A78; name='AZAC-SDK-PROGRAMMING-LANGUAGE'; value='C#'
[831600]: 20ms SPX_DBG_TRACE_VERBOSE:  named_properties.h:451 ISpxNamedProperties::GetStringValue: this=0x000002785ADB7A78; name='SPEECH-UserDefinedQueryParameters'; value='traffictype=spx'
[830683]: 20ms SPX_DBG_TRACE_SCOPE_ENTER:  synthesizer.cpp:1072 DispatchEvent task started...
[831600]: 20ms SPX_DBG_TRACE_VERBOSE:  named_properties.h:451 ISpxPropertyBagImpl::SetStringValue: this=0x000002785ADB7A78; name='HttpHeader#User-agent'; value='spx SpeechSDK-C#/1.21.0 Windows Client 8'
[830683]: 20ms SPX_DBG_TRACE_VERBOSE:  synthesizer.cpp:495 [000002785ADB70D0]CSpxSynthesizer::CSpxSynthesizer::FireResultEvent
[831600]: 20ms SPX_DBG_TRACE_VERBOSE:  named_properties.h:451 ISpxNamedProperties::FindPrefix: this=0x000002785ADB7A78; name='User-agent'; value='spx SpeechSDK-C#/1.21.0 Windows Client 8'
[831600]: 20ms SPX_DBG_TRACE_VERBOSE:  resource_manager.cpp:95 Created 'CSpxUspCallbackWrapper' as '978711522'
[830683]: 20ms SPX_DBG_TRACE_VERBOSE:  resource_manager.cpp:95 Created 'CSpxSynthesisEventArgs' as '657912386'
[830683]: 20ms SPX_DBG_TRACE_VERBOSE:  handle_table.h:106 CSpxHandleTable::TrackHandle p=0x000002785ADDF9C0
[830683]: 20ms SPX_DBG_TRACE_VERBOSE:  handle_table.h:116 CSpxHandleTable::TrackHandle class=ISpxSynthesisEventArgs, h=0x000002785ADDF9C0, p=0x000002785ADDF9C0, tot=1
[831600]: 20ms SPX_DBG_TRACE_VERBOSE:  named_properties.h:451 ISpxNamedProperties::GetStringValue: this=0x000002785ADB7538; name='SPEECH-Region'; value='northeurope'
[831600]: 20ms SPX_DBG_TRACE_VERBOSE:  named_properties.h:451 ISpxNamedProperties::GetStringValue: this=0x000002785ADB7538; name='SPEECH-ProxyHostBypass'; value=''
[831600]: 20ms SPX_DBG_TRACE_VERBOSE:  resource_manager.cpp:95 Created 'CSpxUspConnection' as '792041254'
[831600]: 20ms SPX_TRACE_INFO:  usp_connection.cpp:460 Microsoft::CognitiveServices::Speech::USP::CSpxUspConnection::Connect: entering...
[831600]: 20ms SPX_TRACE_INFO:  usp_connection.cpp:477 Adding subscription key headers
[831600]: 20ms SPX_TRACE_INFO:  usp_connection.cpp:512 Set a user defined HTTP header 'User-agent':'spx SpeechSDK-C#/1.21.0 Windows Client 8'
[831600]: 20ms SPX_TRACE_INFO:  usp_connection.cpp:518 Set an underlying io option 'tcp_nodelay'
[831600]: 20ms SPX_TRACE_INFO:  usp_connection.cpp:527 connectionUrl=wss://northeurope.tts.speech.microsoft.com/cognitiveservices/websocket/v1
[831600]: 20ms SPX_DBG_TRACE_VERBOSE:  resource_manager.cpp:95 Created 'CSpxTelemetry' as '151041793'
[831600]: 20ms SPX_DBG_TRACE_SCOPE_ENTER:  web_socket.cpp:284 CSpxWebSocket::CSpxWebSocket
[831600]: 20ms SPX_DBG_TRACE_SCOPE_EXIT:  web_socket.cpp:284 CSpxWebSocket::CSpxWebSocket
[831600]: 20ms SPX_DBG_TRACE_VERBOSE:  resource_manager.cpp:95 Created 'CSpxWebSocket' as '482598724'
[831600]: 21ms SPX_DBG_TRACE_VERBOSE:  named_properties.h:451 ISpxPropertyBagImpl::SetStringValue: this=0x000002785ADB7538; name='SPEECH-ConnectionUrl'; value='wss://northeurope.tts.speech.microsoft.com/cognitiveservices/websocket/v1'
[831600]: 21ms SPX_DBG_TRACE_VERBOSE:  usp_tts_engine_adapter.cpp:345 speech.config {"context":{"system":{"version":"1.21.0","name":"SpeechSDK","build":"Windows-x64"},"os":{"platform":"Windows","name":"Client","version":"8"}}}
[831600]: 21ms SPX_DBG_TRACE_VERBOSE:  usp_tts_engine_adapter.cpp:396 speech.config='{"context":{"system":{"version":"1.21.0","name":"SpeechSDK","build":"Windows-x64"},"os":{"platform":"Windows","name":"Client","version":"8"}}}'
[831600]: 21ms SPX_DBG_TRACE_VERBOSE:  usp_tts_engine_adapter.cpp:396 synthesis.context='{"synthesis":{"audio":{"outputFormat":"raw-16khz-16bit-mono-pcm","metadataOptions":{"visemeEnabled":false,"bookmarkEnabled":false,"wordBoundaryEnabled":false,"punctuationBoundaryEnabled":false,"sentenceBoundaryEnabled":false,"sessionEndEnabled":true}},"language":{"autoDetection":false}}}'
[831600]: 21ms SPX_DBG_TRACE_VERBOSE:  usp_tts_engine_adapter.cpp:381 ssml <speak version='1.0' xmlns='http://www.w3.org/2001/10/synthesis' xmlns:mstts='http://www.w3.org/2001/mstts' xmlns:emo='http://www.w3.org/2009/10/emotionml' xml:lang='en-US'><voice name='de-DE-KatjaNeural'>Hast du das über den Hai-Vulkan gehört?</voice></speak>
[882266]: 21ms SPX_TRACE_INFO:  web_socket.cpp:952 CSpxWebSocket::DoWork: open transport.
[830683]: 21ms SPX_DBG_TRACE_VERBOSE:  handle_table.h:106 CSpxHandleTable::TrackHandle p=0x000002785ADC5DD0
[830683]: 21ms SPX_DBG_TRACE_VERBOSE:  handle_table.h:116 CSpxHandleTable::TrackHandle class=ISpxSynthesisResult, h=0x000002785ADC5DD0, p=0x000002785ADC5DD0, tot=1
[831600]: 21ms SPX_DBG_TRACE_VERBOSE:  usp_tts_engine_adapter.cpp:396 ssml='<speak version='1.0' xmlns='http://www.w3.org/2001/10/synthesis' xmlns:mstts='http://www.w3.org/2001/mstts' xmlns:emo='http://www.w3.org/2009/10/emotionml' xml:lang='en-US'><voice name='de-DE-KatjaNeural'>Hast du das über den Hai-Vulkan gehört?</voice></speak>'
[882266]: 21ms SPX_TRACE_INFO:  web_socket.cpp:646 Start to open websocket. WebSocket: 0x5ae09e80, wsio handle: 0x5a887ee0
[830683]: 23ms SPX_DBG_TRACE_VERBOSE:  handle_table.h:106 CSpxHandleTable::TrackHandle p=0x000002785ADC5DF0
[830683]: 23ms SPX_DBG_TRACE_VERBOSE:  handle_table.h:116 CSpxHandleTable::TrackHandle class=ISpxNamedProperties, h=0x000002785ADC5DF0, p=0x000002785ADC5DF0, tot=4
[830683]: 25ms SPX_TRACE_VERBOSE interop_factory.cs:83 Dispose(True) called for 2785addf9c0
[830683]: 25ms SPX_DBG_TRACE_VERBOSE:  handle_table.h:175 CSpxHandleTable::StopTracking(h) h=0x000002785ADDF9C0
[830683]: 25ms SPX_DBG_TRACE_VERBOSE:  handle_table.h:190 CSpxHandleTable::StopTracking(h) class=ISpxSynthesisEventArgs, h=0x000002785ADDF9C0, p=0x000002785ADDF9C0, tot=0
[830683]: 25ms SPX_TRACE_VERBOSE interop_factory.cs:83 Dispose(True) called for 2785adc5df0
[830683]: 25ms SPX_DBG_TRACE_VERBOSE:  handle_table.h:175 CSpxHandleTable::StopTracking(h) h=0x000002785ADC5DF0
[830683]: 25ms SPX_DBG_TRACE_VERBOSE:  handle_table.h:190 CSpxHandleTable::StopTracking(h) class=ISpxNamedProperties, h=0x000002785ADC5DF0, p=0x000002785ADC5DF0, tot=3
[830683]: 25ms SPX_TRACE_VERBOSE interop_factory.cs:83 Dispose(True) called for 2785adc5dd0
[830683]: 25ms SPX_DBG_TRACE_VERBOSE:  handle_table.h:175 CSpxHandleTable::StopTracking(h) h=0x000002785ADC5DD0
[830683]: 25ms SPX_DBG_TRACE_VERBOSE:  handle_table.h:190 CSpxHandleTable::StopTracking(h) class=ISpxSynthesisResult, h=0x000002785ADC5DD0, p=0x000002785ADC5DD0, tot=0
[830683]: 25ms SPX_DBG_TRACE_SCOPE_EXIT:  synthesizer.cpp:1072 DispatchEvent task complete!
[882266]: 231ms SPX_TRACE_INFO:  usp_connection.cpp:761 Create requestId  for messageType 0
[882266]: 454ms SPX_TRACE_INFO:  web_socket.cpp:1029 Opening websocket completed. TransportRequest: 0x5ae09e80, wsio handle: 0x5a887ee0
[882266]: 455ms SPX_TRACE_INFO:  usp_connection.cpp:876 TS:434, OnConnected: connection:0x5a7bdc30
[830683]: 455ms SPX_DBG_TRACE_SCOPE_ENTER:  synthesizer.cpp:1072 DispatchEvent task started...
[830683]: 455ms SPX_DBG_TRACE_SCOPE_ENTER:  synthesizer.cpp:596 CSpxSynthesizer::FireConnectionChanged
[830683]: 455ms SPX_DBG_TRACE_VERBOSE:  synthesizer.cpp:597 CSpxSynthesizer::FireConnectionChanged: Connected
[830683]: 455ms SPX_DBG_TRACE_VERBOSE:  resource_manager.cpp:95 Created 'CSpxConnectionEventArgs' as '189265475'
[830683]: 455ms SPX_DBG_TRACE_SCOPE_EXIT:  synthesizer.cpp:596 CSpxSynthesizer::FireConnectionChanged
[830683]: 455ms SPX_DBG_TRACE_SCOPE_EXIT:  synthesizer.cpp:1072 DispatchEvent task complete!
[882266]: 501ms SPX_TRACE_INFO:  usp_connection.cpp:967 Service originated request received with requestId: 40d552e263734ae99899787fb5d45bc2
[882266]: 501ms SPX_TRACE_INFO:  usp_connection.cpp:982 Response Message: content type: application/json; charset=utf-8.
[882266]: 502ms SPX_TRACE_INFO:  usp_connection.cpp:1002 TS:481 Response Message: path: turn.start, size: 75.
[882266]: 533ms SPX_TRACE_INFO:  usp_connection.cpp:982 Response Message: content type: application/json; charset=utf-8.
[882266]: 533ms SPX_TRACE_INFO:  usp_connection.cpp:1002 TS:512 Response Message: path: response, size: 133.
[882266]: 656ms SPX_TRACE_INFO:  usp_connection.cpp:982 Response Message: content type: audio/basic.
[882266]: 656ms SPX_TRACE_INFO:  usp_connection.cpp:1002 TS:636 Response Message: path: audio, size: 37088.
[882266]: 656ms SPX_DBG_TRACE_VERBOSE:  resource_manager.cpp:95 Created 'CSpxPullAudioOutputStream' as '853898539'
[882266]: 656ms SPX_DBG_TRACE_FUNCTION:  synthesis_result.cpp:25 CSpxSynthesisResult::CSpxSynthesisResult
[882266]: 656ms SPX_DBG_TRACE_VERBOSE:  resource_manager.cpp:95 Created 'CSpxSynthesisResult' as '3874248'
[882266]: 657ms SPX_DBG_TRACE_VERBOSE:  named_properties.h:451 ISpxPropertyBagImpl::SetStringValue: this=0x000002785ADF4118; name='RESULT-SynthesisBackend'; value='online (websocket)'
[882266]: 657ms SPX_DBG_TRACE_VERBOSE:  pull_audio_output_stream.cpp:26 CSpxPullAudioOutputStream::Write buffer 000002785AE34FB7 size=37088
[882266]: 657ms SPX_DBG_TRACE_VERBOSE:  audio_data_stream.cpp:151 CSpxAudioDataStream::CSpxAudioDataStream::Write buffer 000002785AE34FB7 size=37088
[882266]: 657ms SPX_DBG_TRACE_SCOPE_ENTER:  default_speaker.cpp:102 CSpxDefaultSpeaker::Write
[830683]: 657ms SPX_DBG_TRACE_SCOPE_ENTER:  synthesizer.cpp:1072 DispatchEvent task started...
[882266]: 657ms SPX_DBG_TRACE_VERBOSE:  named_properties.h:451 ISpxNamedProperties::GetStringValue: this=0x000002785ADC2328; name='AudioConfig_DeviceNameForRender'; value=''
[830683]: 657ms SPX_DBG_TRACE_VERBOSE:  synthesizer.cpp:495 [000002785ADB70D0]CSpxSynthesizer::CSpxSynthesizer::FireResultEvent
[882266]: 657ms SPX_DBG_TRACE_VERBOSE:  default_speaker.cpp:209 The device name of speaker as a property is ''
[830683]: 657ms SPX_DBG_TRACE_VERBOSE:  resource_manager.cpp:95 Created 'CSpxSynthesisEventArgs' as '657912386'
[830683]: 657ms SPX_DBG_TRACE_VERBOSE:  handle_table.h:106 CSpxHandleTable::TrackHandle p=0x000002785ADE0140
[830683]: 657ms SPX_DBG_TRACE_VERBOSE:  handle_table.h:116 CSpxHandleTable::TrackHandle class=ISpxSynthesisEventArgs, h=0x000002785ADE0140, p=0x000002785ADE0140, tot=1
[830683]: 657ms SPX_DBG_TRACE_VERBOSE:  handle_table.h:106 CSpxHandleTable::TrackHandle p=0x000002785ADC5980
[830683]: 658ms SPX_DBG_TRACE_VERBOSE:  handle_table.h:116 CSpxHandleTable::TrackHandle class=ISpxSynthesisResult, h=0x000002785ADC5980, p=0x000002785ADC5980, tot=1
[830683]: 658ms SPX_DBG_TRACE_VERBOSE:  handle_table.h:106 CSpxHandleTable::TrackHandle p=0x000002785ADC59A0
[830683]: 658ms SPX_DBG_TRACE_VERBOSE:  handle_table.h:116 CSpxHandleTable::TrackHandle class=ISpxNamedProperties, h=0x000002785ADC59A0, p=0x000002785ADC59A0, tot=4
[830683]: 659ms SPX_TRACE_VERBOSE interop_factory.cs:83 Dispose(True) called for 2785ade0140
[830683]: 659ms SPX_DBG_TRACE_VERBOSE:  handle_table.h:175 CSpxHandleTable::StopTracking(h) h=0x000002785ADE0140
[830683]: 659ms SPX_DBG_TRACE_VERBOSE:  handle_table.h:190 CSpxHandleTable::StopTracking(h) class=ISpxSynthesisEventArgs, h=0x000002785ADE0140, p=0x000002785ADE0140, tot=0
[830683]: 659ms SPX_TRACE_VERBOSE interop_factory.cs:83 Dispose(True) called for 2785adc59a0
[830683]: 659ms SPX_DBG_TRACE_VERBOSE:  handle_table.h:175 CSpxHandleTable::StopTracking(h) h=0x000002785ADC59A0
[830683]: 659ms SPX_DBG_TRACE_VERBOSE:  handle_table.h:190 CSpxHandleTable::StopTracking(h) class=ISpxNamedProperties, h=0x000002785ADC59A0, p=0x000002785ADC59A0, tot=3
[830683]: 660ms SPX_TRACE_VERBOSE interop_factory.cs:83 Dispose(True) called for 2785adc5980
[830683]: 660ms SPX_DBG_TRACE_VERBOSE:  handle_table.h:175 CSpxHandleTable::StopTracking(h) h=0x000002785ADC5980
[830683]: 660ms SPX_DBG_TRACE_VERBOSE:  handle_table.h:190 CSpxHandleTable::StopTracking(h) class=ISpxSynthesisResult, h=0x000002785ADC5980, p=0x000002785ADC5980, tot=0
[830683]: 660ms SPX_DBG_TRACE_SCOPE_EXIT:  synthesizer.cpp:1072 DispatchEvent task complete!
[882266]: 662ms SPX_TRACE_INFO:  audio_sys_win32.cpp:400 default audio device init: hrlocal is 0x0
[882266]: 663ms SPX_DBG_TRACE_VERBOSE:  pull_audio_output_stream.cpp:26 CSpxPullAudioOutputStream::Write buffer 000002785AE34FB7 size=37088
[882266]: 663ms SPX_DBG_TRACE_SCOPE_EXIT:  default_speaker.cpp:102 CSpxDefaultSpeaker::Write
[882266]: 663ms SPX_DBG_TRACE_VERBOSE:  pull_audio_output_stream.cpp:89 CSpxPullAudioOutputStream::AvailableSize: current available size: 37088
[882266]: 663ms SPX_DBG_TRACE_FUNCTION:  synthesis_result.cpp:30 CSpxSynthesisResult::~CSpxSynthesisResult
[882266]: 701ms SPX_TRACE_INFO:  usp_connection.cpp:982 Response Message: content type: audio/basic.
[882266]: 701ms SPX_TRACE_INFO:  usp_connection.cpp:1002 TS:681 Response Message: path: audio, size: 40948.
[882266]: 701ms SPX_DBG_TRACE_FUNCTION:  synthesis_result.cpp:25 CSpxSynthesisResult::CSpxSynthesisResult
[882266]: 701ms SPX_DBG_TRACE_VERBOSE:  resource_manager.cpp:95 Created 'CSpxSynthesisResult' as '3874248'
[882266]: 702ms SPX_DBG_TRACE_VERBOSE:  named_properties.h:451 ISpxNamedProperties::GetStringValue: this=0x000002785ADC4CB0; name='RESULT-SynthesisBackend'; value='online (websocket)'
[882266]: 702ms SPX_DBG_TRACE_VERBOSE:  pull_audio_output_stream.cpp:89 CSpxPullAudioOutputStream::AvailableSize: current available size: 37088
[882266]: 702ms SPX_DBG_TRACE_VERBOSE:  pull_audio_output_stream.cpp:26 CSpxPullAudioOutputStream::Write buffer 000002785AE460D7 size=40948
[830683]: 702ms SPX_DBG_TRACE_SCOPE_ENTER:  synthesizer.cpp:1072 DispatchEvent task started...
[882266]: 702ms SPX_DBG_TRACE_VERBOSE:  audio_data_stream.cpp:151 CSpxAudioDataStream::CSpxAudioDataStream::Write buffer 000002785AE460D7 size=40948
[830683]: 702ms SPX_DBG_TRACE_VERBOSE:  synthesizer.cpp:495 [000002785ADB70D0]CSpxSynthesizer::CSpxSynthesizer::FireResultEvent
[882266]: 702ms SPX_DBG_TRACE_SCOPE_ENTER:  default_speaker.cpp:102 CSpxDefaultSpeaker::Write
[830683]: 702ms SPX_DBG_TRACE_VERBOSE:  resource_manager.cpp:95 Created 'CSpxSynthesisEventArgs' as '657912386'
[882266]: 702ms SPX_DBG_TRACE_VERBOSE:  pull_audio_output_stream.cpp:26 CSpxPullAudioOutputStream::Write buffer 000002785AE460D7 size=40948
[830683]: 702ms SPX_DBG_TRACE_VERBOSE:  handle_table.h:106 CSpxHandleTable::TrackHandle p=0x000002785AE40090
[830683]: 702ms SPX_DBG_TRACE_VERBOSE:  handle_table.h:116 CSpxHandleTable::TrackHandle class=ISpxSynthesisEventArgs, h=0x000002785AE40090, p=0x000002785AE40090, tot=1
[882266]: 702ms SPX_DBG_TRACE_SCOPE_EXIT:  default_speaker.cpp:102 CSpxDefaultSpeaker::Write
[830683]: 702ms SPX_DBG_TRACE_VERBOSE:  handle_table.h:106 CSpxHandleTable::TrackHandle p=0x000002785ADC4C90
[830683]: 702ms SPX_DBG_TRACE_VERBOSE:  handle_table.h:116 CSpxHandleTable::TrackHandle class=ISpxSynthesisResult, h=0x000002785ADC4C90, p=0x000002785ADC4C90, tot=1
[830683]: 702ms SPX_DBG_TRACE_VERBOSE:  handle_table.h:106 CSpxHandleTable::TrackHandle p=0x000002785ADC4CB0
[830683]: 702ms SPX_DBG_TRACE_VERBOSE:  handle_table.h:116 CSpxHandleTable::TrackHandle class=ISpxNamedProperties, h=0x000002785ADC4CB0, p=0x000002785ADC4CB0, tot=4
[830683]: 703ms SPX_TRACE_VERBOSE interop_factory.cs:83 Dispose(True) called for 2785ae40090
[830683]: 703ms SPX_DBG_TRACE_VERBOSE:  handle_table.h:175 CSpxHandleTable::StopTracking(h) h=0x000002785AE40090
[830683]: 703ms SPX_DBG_TRACE_VERBOSE:  handle_table.h:190 CSpxHandleTable::StopTracking(h) class=ISpxSynthesisEventArgs, h=0x000002785AE40090, p=0x000002785AE40090, tot=0
[830683]: 703ms SPX_TRACE_VERBOSE interop_factory.cs:83 Dispose(True) called for 2785adc4cb0
[830683]: 703ms SPX_DBG_TRACE_VERBOSE:  handle_table.h:175 CSpxHandleTable::StopTracking(h) h=0x000002785ADC4CB0
[830683]: 703ms SPX_DBG_TRACE_VERBOSE:  handle_table.h:190 CSpxHandleTable::StopTracking(h) class=ISpxNamedProperties, h=0x000002785ADC4CB0, p=0x000002785ADC4CB0, tot=3
[830683]: 703ms SPX_TRACE_VERBOSE interop_factory.cs:83 Dispose(True) called for 2785adc4c90
[830683]: 703ms SPX_DBG_TRACE_VERBOSE:  handle_table.h:175 CSpxHandleTable::StopTracking(h) h=0x000002785ADC4C90
[830683]: 703ms SPX_DBG_TRACE_VERBOSE:  handle_table.h:190 CSpxHandleTable::StopTracking(h) class=ISpxSynthesisResult, h=0x000002785ADC4C90, p=0x000002785ADC4C90, tot=0
[830683]: 703ms SPX_DBG_TRACE_SCOPE_EXIT:  synthesizer.cpp:1072 DispatchEvent task complete!
[830683]: 703ms SPX_DBG_TRACE_FUNCTION:  synthesis_result.cpp:30 CSpxSynthesisResult::~CSpxSynthesisResult
[882266]: 732ms SPX_TRACE_INFO:  usp_connection.cpp:982 Response Message: content type: audio/basic.
[882266]: 732ms SPX_TRACE_INFO:  usp_connection.cpp:1002 TS:711 Response Message: path: audio, size: 21840.
[882266]: 732ms SPX_DBG_TRACE_FUNCTION:  synthesis_result.cpp:25 CSpxSynthesisResult::CSpxSynthesisResult
[882266]: 732ms SPX_DBG_TRACE_VERBOSE:  resource_manager.cpp:95 Created 'CSpxSynthesisResult' as '3874248'
[882266]: 732ms SPX_DBG_TRACE_VERBOSE:  named_properties.h:451 ISpxNamedProperties::GetStringValue: this=0x000002785ADC4CB0; name='RESULT-SynthesisBackend'; value='online (websocket)'
[882266]: 732ms SPX_DBG_TRACE_VERBOSE:  pull_audio_output_stream.cpp:89 CSpxPullAudioOutputStream::AvailableSize: current available size: 78036
[882266]: 732ms SPX_DBG_TRACE_VERBOSE:  pull_audio_output_stream.cpp:26 CSpxPullAudioOutputStream::Write buffer 000002785AE460D7 size=21840
[882266]: 732ms SPX_DBG_TRACE_VERBOSE:  audio_data_stream.cpp:151 CSpxAudioDataStream::CSpxAudioDataStream::Write buffer 000002785AE460D7 size=21840
[882266]: 732ms SPX_DBG_TRACE_SCOPE_ENTER:  default_speaker.cpp:102 CSpxDefaultSpeaker::Write
[882266]: 732ms SPX_DBG_TRACE_VERBOSE:  pull_audio_output_stream.cpp:26 CSpxPullAudioOutputStream::Write buffer 000002785AE460D7 size=21840
[882266]: 732ms SPX_DBG_TRACE_SCOPE_EXIT:  default_speaker.cpp:102 CSpxDefaultSpeaker::Write
[830683]: 732ms SPX_DBG_TRACE_SCOPE_ENTER:  synthesizer.cpp:1072 DispatchEvent task started...
[882266]: 732ms SPX_TRACE_INFO:  usp_connection.cpp:982 Response Message: content type: application/json; charset=utf-8.
[830683]: 732ms SPX_DBG_TRACE_VERBOSE:  synthesizer.cpp:495 [000002785ADB70D0]CSpxSynthesizer::CSpxSynthesizer::FireResultEvent
[882266]: 732ms SPX_TRACE_INFO:  usp_connection.cpp:1002 TS:711 Response Message: path: audio.metadata, size: 114.
[830683]: 732ms SPX_DBG_TRACE_VERBOSE:  resource_manager.cpp:95 Created 'CSpxSynthesisEventArgs' as '657912386'
[830683]: 732ms SPX_DBG_TRACE_VERBOSE:  handle_table.h:106 CSpxHandleTable::TrackHandle p=0x000002785AE40E70
[830683]: 732ms SPX_DBG_TRACE_VERBOSE:  handle_table.h:116 CSpxHandleTable::TrackHandle class=ISpxSynthesisEventArgs, h=0x000002785AE40E70, p=0x000002785AE40E70, tot=1
[882266]: 732ms SPX_TRACE_VERBOSE:  usp_tts_engine_adapter.cpp:773 Session end received, audio duration 32000000 ticks
[830683]: 732ms SPX_DBG_TRACE_VERBOSE:  handle_table.h:106 CSpxHandleTable::TrackHandle p=0x000002785ADC4C90
[830683]: 732ms SPX_DBG_TRACE_VERBOSE:  handle_table.h:116 CSpxHandleTable::TrackHandle class=ISpxSynthesisResult, h=0x000002785ADC4C90, p=0x000002785ADC4C90, tot=1
[882266]: 732ms SPX_TRACE_INFO:  usp_connection.cpp:982 Response Message: content type: audio/basic.
[882266]: 732ms SPX_TRACE_INFO:  usp_connection.cpp:1002 TS:712 Response Message: path: audio, size: 2524.
[882266]: 732ms SPX_DBG_TRACE_FUNCTION:  synthesis_result.cpp:25 CSpxSynthesisResult::CSpxSynthesisResult
[830683]: 732ms SPX_DBG_TRACE_VERBOSE:  handle_table.h:106 CSpxHandleTable::TrackHandle p=0x000002785ADC4CB0
[882266]: 732ms SPX_DBG_TRACE_VERBOSE:  resource_manager.cpp:95 Created 'CSpxSynthesisResult' as '3874248'
[830683]: 732ms SPX_DBG_TRACE_VERBOSE:  handle_table.h:116 CSpxHandleTable::TrackHandle class=ISpxNamedProperties, h=0x000002785ADC4CB0, p=0x000002785ADC4CB0, tot=4
[882266]: 732ms SPX_DBG_TRACE_VERBOSE:  named_properties.h:451 ISpxNamedProperties::GetStringValue: this=0x000002785ADC4E20; name='RESULT-SynthesisBackend'; value='online (websocket)'
[882266]: 732ms SPX_DBG_TRACE_VERBOSE:  pull_audio_output_stream.cpp:89 CSpxPullAudioOutputStream::AvailableSize: current available size: 99876
[882266]: 732ms SPX_DBG_TRACE_VERBOSE:  pull_audio_output_stream.cpp:26 CSpxPullAudioOutputStream::Write buffer 000002785AE460D7 size=2524
[882266]: 732ms SPX_DBG_TRACE_VERBOSE:  audio_data_stream.cpp:151 CSpxAudioDataStream::CSpxAudioDataStream::Write buffer 000002785AE460D7 size=2524
[882266]: 732ms SPX_DBG_TRACE_SCOPE_ENTER:  default_speaker.cpp:102 CSpxDefaultSpeaker::Write
[882266]: 733ms SPX_DBG_TRACE_VERBOSE:  pull_audio_output_stream.cpp:26 CSpxPullAudioOutputStream::Write buffer 000002785AE460D7 size=2524
[882266]: 733ms SPX_DBG_TRACE_SCOPE_EXIT:  default_speaker.cpp:102 CSpxDefaultSpeaker::Write
[882266]: 733ms SPX_TRACE_INFO:  usp_connection.cpp:1002 TS:712 Response Message: path: audio, size: 0.
[882266]: 733ms SPX_TRACE_INFO:  usp_connection.cpp:982 Response Message: content type: application/json; charset=utf-8.
[882266]: 733ms SPX_TRACE_INFO:  usp_connection.cpp:1002 TS:712 Response Message: path: turn.end, size: 2.
[830683]: 733ms SPX_TRACE_VERBOSE interop_factory.cs:83 Dispose(True) called for 2785ae40e70
[882266]: 733ms SPX_DBG_TRACE_VERBOSE:  usp_connection.cpp:1069 Got turn end, clear m_streamIdLangMap.
[830683]: 733ms SPX_DBG_TRACE_VERBOSE:  handle_table.h:175 CSpxHandleTable::StopTracking(h) h=0x000002785AE40E70
[830683]: 733ms SPX_DBG_TRACE_VERBOSE:  handle_table.h:190 CSpxHandleTable::StopTracking(h) class=ISpxSynthesisEventArgs, h=0x000002785AE40E70, p=0x000002785AE40E70, tot=0
[882266]: 733ms SPX_TRACE_INFO:  usp_metrics.cpp:434 Microsoft::CognitiveServices::Speech::USP::CSpxTelemetry::SendSerializedTelemetry: Send telemetry (requestId:40d552e263734ae99899787fb5d45bc2): {"Metrics":[{"End":"2022-06-03T12:16:00.493Z","Id":"bc24cd6aedeb4316bff475117849d490","Name":"Connection","Start":"2022-06-03T12:16:00.054Z"},{"DeviceId":["d78e2a17-2d4e-43fa-a283-f8374a62b599"],"Name":"device"}]}
[830683]: 733ms SPX_TRACE_VERBOSE interop_factory.cs:83 Dispose(True) called for 2785adc4cb0
[830683]: 733ms SPX_DBG_TRACE_VERBOSE:  handle_table.h:175 CSpxHandleTable::StopTracking(h) h=0x000002785ADC4CB0
[830683]: 733ms SPX_DBG_TRACE_VERBOSE:  handle_table.h:190 CSpxHandleTable::StopTracking(h) class=ISpxNamedProperties, h=0x000002785ADC4CB0, p=0x000002785ADC4CB0, tot=3
[830683]: 733ms SPX_TRACE_VERBOSE interop_factory.cs:83 Dispose(True) called for 2785adc4c90
[830683]: 733ms SPX_DBG_TRACE_VERBOSE:  handle_table.h:175 CSpxHandleTable::StopTracking(h) h=0x000002785ADC4C90
[830683]: 733ms SPX_DBG_TRACE_VERBOSE:  handle_table.h:190 CSpxHandleTable::StopTracking(h) class=ISpxSynthesisResult, h=0x000002785ADC4C90, p=0x000002785ADC4C90, tot=0
[830683]: 733ms SPX_DBG_TRACE_SCOPE_EXIT:  synthesizer.cpp:1072 DispatchEvent task complete!
[882266]: 733ms SPX_TRACE_INFO:  usp_metrics.cpp:434 Microsoft::CognitiveServices::Speech::USP::CSpxTelemetry::SendSerializedTelemetry: Send telemetry (requestId:40d552e263734ae99899787fb5d45bc2): {"ReceivedMessages":[{"turn.start":["2022-06-03T12:16:00.540Z"]},{"turn.end":["2022-06-03T12:16:00.770Z"]},{"audio":["2022-06-03T12:16:00.694Z","2022-06-03T12:16:00.739Z","2022-06-03T12:16:00.770Z","2022-06-03T12:16:00.770Z","2022-06-03T12:16:00.770Z"]},{"audio.metadata":["2022-06-03T12:16:00.770Z"]},{"response":["2022-06-03T12:16:00.571Z"]}]}
[830683]: 733ms SPX_DBG_TRACE_FUNCTION:  synthesis_result.cpp:30 CSpxSynthesisResult::~CSpxSynthesisResult
[830683]: 733ms SPX_DBG_TRACE_SCOPE_ENTER:  synthesizer.cpp:1072 DispatchEvent task started...
[830683]: 733ms SPX_DBG_TRACE_VERBOSE:  synthesizer.cpp:495 [000002785ADB70D0]CSpxSynthesizer::CSpxSynthesizer::FireResultEvent
[830683]: 733ms SPX_DBG_TRACE_VERBOSE:  resource_manager.cpp:95 Created 'CSpxSynthesisEventArgs' as '657912386'
[830683]: 733ms SPX_DBG_TRACE_VERBOSE:  handle_table.h:106 CSpxHandleTable::TrackHandle p=0x000002785AE939F0
[830683]: 733ms SPX_DBG_TRACE_VERBOSE:  handle_table.h:116 CSpxHandleTable::TrackHandle class=ISpxSynthesisEventArgs, h=0x000002785AE939F0, p=0x000002785AE939F0, tot=1
[830683]: 733ms SPX_DBG_TRACE_VERBOSE:  handle_table.h:106 CSpxHandleTable::TrackHandle p=0x000002785ADC4E00
[830683]: 733ms SPX_DBG_TRACE_VERBOSE:  handle_table.h:116 CSpxHandleTable::TrackHandle class=ISpxSynthesisResult, h=0x000002785ADC4E00, p=0x000002785ADC4E00, tot=1
[831600]: 733ms SPX_DBG_TRACE_FUNCTION:  synthesis_result.cpp:25 CSpxSynthesisResult::CSpxSynthesisResult
[830683]: 733ms SPX_DBG_TRACE_VERBOSE:  handle_table.h:106 CSpxHandleTable::TrackHandle p=0x000002785ADC4E20
[831600]: 733ms SPX_DBG_TRACE_VERBOSE:  resource_manager.cpp:95 Created 'CSpxSynthesisResult' as '3874248'
[830683]: 733ms SPX_DBG_TRACE_VERBOSE:  handle_table.h:116 CSpxHandleTable::TrackHandle class=ISpxNamedProperties, h=0x000002785ADC4E20, p=0x000002785ADC4E20, tot=4
[831600]: 733ms SPX_TRACE_INFO:  usp_tts_engine_adapter.cpp:289 CSpxUspTtsEngineAdapter::SpeakInternal: synthesis completed. request id: 40d552e263734ae99899787fb5d45bc2.
[831600]: 733ms SPX_DBG_TRACE_VERBOSE:  pull_audio_output_stream.cpp:162 Signal End of Writing is called
[831600]: 733ms SPX_DBG_TRACE_VERBOSE:  pull_audio_output_stream.cpp:89 CSpxPullAudioOutputStream::AvailableSize: current available size: 102400
[831600]: 733ms SPX_DBG_TRACE_VERBOSE:  pull_audio_output_stream.cpp:89 CSpxPullAudioOutputStream::AvailableSize: current available size: 102400
[831600]: 733ms SPX_DBG_TRACE_VERBOSE:  pull_audio_output_stream.cpp:69 CSpxPullAudioOutputStream::Read: is called
[831600]: 733ms SPX_DBG_TRACE_VERBOSE:  pull_audio_output_stream.cpp:136 CSpxPullAudioOutputStream::Read: bytesRead=102400
[831600]: 733ms SPX_TRACE_VERBOSE:  synthesizer.cpp:345 CSpxSynthesizer::ExecuteSynthesis: audio duration: 3200 ms.
[831600]: 734ms SPX_DBG_TRACE_VERBOSE:  named_properties.h:451 ISpxNamedProperties::GetStringValue: this=0x000002785ADC59A0; name='RESULT-SynthesisBackend'; value='online (websocket)'
[831600]: 734ms SPX_DBG_TRACE_VERBOSE:  named_properties.h:451 ISpxPropertyBagImpl::SetStringValue: this=0x000002785ADF4118; name='RESULT-SynthesisFirstByteLatencyMs'; value='636'
[831600]: 734ms SPX_DBG_TRACE_VERBOSE:  named_properties.h:451 ISpxPropertyBagImpl::SetStringValue: this=0x000002785ADF4118; name='RESULT-SynthesisFinishLatencyMs'; value='713'
[831600]: 734ms SPX_DBG_TRACE_VERBOSE:  named_properties.h:451 ISpxPropertyBagImpl::SetStringValue: this=0x000002785ADF4118; name='RESULT-SynthesisUnderrunTimeMs'; value='0'
[831600]: 734ms SPX_DBG_TRACE_VERBOSE:  pull_audio_output_stream.cpp:162 Signal End of Writing is called
[831600]: 734ms SPX_DBG_TRACE_VERBOSE:  pull_audio_output_stream.cpp:162 Signal End of Writing is called
[830683]: 735ms SPX_TRACE_VERBOSE interop_factory.cs:83 Dispose(True) called for 2785ae939f0
[830683]: 735ms SPX_DBG_TRACE_VERBOSE:  handle_table.h:175 CSpxHandleTable::StopTracking(h) h=0x000002785AE939F0
[830683]: 735ms SPX_DBG_TRACE_VERBOSE:  handle_table.h:190 CSpxHandleTable::StopTracking(h) class=ISpxSynthesisEventArgs, h=0x000002785AE939F0, p=0x000002785AE939F0, tot=0
[830683]: 735ms SPX_TRACE_VERBOSE interop_factory.cs:83 Dispose(True) called for 2785adc4e20
[830683]: 735ms SPX_DBG_TRACE_VERBOSE:  handle_table.h:175 CSpxHandleTable::StopTracking(h) h=0x000002785ADC4E20
[830683]: 735ms SPX_DBG_TRACE_VERBOSE:  handle_table.h:190 CSpxHandleTable::StopTracking(h) class=ISpxNamedProperties, h=0x000002785ADC4E20, p=0x000002785ADC4E20, tot=3
[830683]: 735ms SPX_TRACE_VERBOSE interop_factory.cs:83 Dispose(True) called for 2785adc4e00
[830683]: 735ms SPX_DBG_TRACE_VERBOSE:  handle_table.h:175 CSpxHandleTable::StopTracking(h) h=0x000002785ADC4E00
[830683]: 735ms SPX_DBG_TRACE_VERBOSE:  handle_table.h:190 CSpxHandleTable::StopTracking(h) class=ISpxSynthesisResult, h=0x000002785ADC4E00, p=0x000002785ADC4E00, tot=0
[830683]: 735ms SPX_DBG_TRACE_SCOPE_EXIT:  synthesizer.cpp:1072 DispatchEvent task complete!
[830683]: 735ms SPX_DBG_TRACE_FUNCTION:  synthesis_result.cpp:30 CSpxSynthesisResult::~CSpxSynthesisResult
[217337]: 1809ms SPX_DBG_TRACE_VERBOSE:  pull_audio_output_stream.cpp:69 CSpxPullAudioOutputStream::Read: is called
[217337]: 1809ms SPX_DBG_TRACE_VERBOSE:  pull_audio_output_stream.cpp:136 CSpxPullAudioOutputStream::Read: bytesRead=32000
[217337]: 1810ms SPX_DBG_TRACE_VERBOSE:  pull_audio_output_stream.cpp:69 CSpxPullAudioOutputStream::Read: is called
[217337]: 1810ms SPX_DBG_TRACE_VERBOSE:  pull_audio_output_stream.cpp:136 CSpxPullAudioOutputStream::Read: bytesRead=32000
[217337]: 1810ms SPX_DBG_TRACE_VERBOSE:  pull_audio_output_stream.cpp:69 CSpxPullAudioOutputStream::Read: is called
[217337]: 1810ms SPX_DBG_TRACE_VERBOSE:  pull_audio_output_stream.cpp:136 CSpxPullAudioOutputStream::Read: bytesRead=32000
[217337]: 1810ms SPX_DBG_TRACE_VERBOSE:  pull_audio_output_stream.cpp:69 CSpxPullAudioOutputStream::Read: is called
[217337]: 1810ms SPX_DBG_TRACE_VERBOSE:  pull_audio_output_stream.cpp:136 CSpxPullAudioOutputStream::Read: bytesRead=6400
[217337]: 1810ms SPX_DBG_TRACE_VERBOSE:  pull_audio_output_stream.cpp:69 CSpxPullAudioOutputStream::Read: is called
[217337]: 1810ms SPX_DBG_TRACE_VERBOSE:  pull_audio_output_stream.cpp:136 CSpxPullAudioOutputStream::Read: bytesRead=0
[217337]: 5006ms SPX_DBG_TRACE_VERBOSE:  default_speaker.cpp:252 CSpxDefaultSpeaker::AudioCompleteCallback
[831600]: 5006ms SPX_DBG_TRACE_FUNCTION:  synthesis_result.cpp:30 CSpxSynthesisResult::~CSpxSynthesisResult
[831600]: 5006ms SPX_DBG_TRACE_VERBOSE:  handle_table.h:106 CSpxHandleTable::TrackHandle p=0x000002785ADC5980
[830683]: 5006ms SPX_DBG_TRACE_SCOPE_ENTER:  synthesizer.cpp:1072 DispatchEvent task started...
[831600]: 5006ms SPX_DBG_TRACE_VERBOSE:  handle_table.h:116 CSpxHandleTable::TrackHandle class=ISpxSynthesisResult, h=0x000002785ADC5980, p=0x000002785ADC5980, tot=1
[830683]: 5006ms SPX_DBG_TRACE_VERBOSE:  synthesizer.cpp:495 [000002785ADB70D0]CSpxSynthesizer::CSpxSynthesizer::FireResultEvent
[830683]: 5006ms SPX_DBG_TRACE_VERBOSE:  resource_manager.cpp:95 Created 'CSpxSynthesisEventArgs' as '657912386'
[830683]: 5006ms SPX_DBG_TRACE_VERBOSE:  handle_table.h:106 CSpxHandleTable::TrackHandle p=0x000002785AE16B90
[830683]: 5006ms SPX_DBG_TRACE_VERBOSE:  handle_table.h:116 CSpxHandleTable::TrackHandle class=ISpxSynthesisEventArgs, h=0x000002785AE16B90, p=0x000002785AE16B90, tot=1
[831600]: 5006ms SPX_DBG_TRACE_VERBOSE:  handle_table.h:106 CSpxHandleTable::TrackHandle p=0x000002785ADC59A0
[831600]: 5006ms SPX_DBG_TRACE_VERBOSE:  handle_table.h:116 CSpxHandleTable::TrackHandle class=ISpxNamedProperties, h=0x000002785ADC59A0, p=0x000002785ADC59A0, tot=4
[830683]: 5006ms SPX_DBG_TRACE_VERBOSE:  handle_table.h:106 CSpxHandleTable::TrackHandle p=0x000002785ADC5980
[830683]: 5006ms SPX_DBG_TRACE_VERBOSE:  handle_table.h:116 CSpxHandleTable::TrackHandle class=ISpxSynthesisResult, h=0x000002785ADC5980, p=0x000002785ADC5980, tot=2
[830683]: 5006ms SPX_DBG_TRACE_VERBOSE:  handle_table.h:106 CSpxHandleTable::TrackHandle p=0x000002785ADC59A0
[830683]: 5006ms SPX_DBG_TRACE_VERBOSE:  handle_table.h:116 CSpxHandleTable::TrackHandle class=ISpxNamedProperties, h=0x000002785ADC59A0, p=0x000002785ADC59A0, tot=5
[830683]: 5007ms SPX_TRACE_VERBOSE interop_factory.cs:83 Dispose(True) called for 2785ae16b90
[830683]: 5007ms SPX_DBG_TRACE_VERBOSE:  handle_table.h:175 CSpxHandleTable::StopTracking(h) h=0x000002785AE16B90
[830683]: 5007ms SPX_DBG_TRACE_VERBOSE:  handle_table.h:190 CSpxHandleTable::StopTracking(h) class=ISpxSynthesisEventArgs, h=0x000002785AE16B90, p=0x000002785AE16B90, tot=0
[830683]: 5007ms SPX_TRACE_VERBOSE interop_factory.cs:83 Dispose(True) called for 2785adc59a0
[830683]: 5007ms SPX_DBG_TRACE_VERBOSE:  handle_table.h:175 CSpxHandleTable::StopTracking(h) h=0x000002785ADC59A0
[830683]: 5007ms SPX_DBG_TRACE_VERBOSE:  handle_table.h:190 CSpxHandleTable::StopTracking(h) class=ISpxNamedProperties, h=0x000002785ADC59A0, p=0x000002785ADC59A0, tot=4
[830683]: 5007ms SPX_TRACE_VERBOSE interop_factory.cs:83 Dispose(True) called for 2785adc5980
[830683]: 5007ms SPX_DBG_TRACE_VERBOSE:  handle_table.h:175 CSpxHandleTable::StopTracking(h) h=0x000002785ADC5980
[830683]: 5007ms SPX_DBG_TRACE_VERBOSE:  handle_table.h:190 CSpxHandleTable::StopTracking(h) class=ISpxSynthesisResult, h=0x000002785ADC5980, p=0x000002785ADC5980, tot=1
[830683]: 5007ms SPX_DBG_TRACE_SCOPE_EXIT:  synthesizer.cpp:1072 DispatchEvent task complete!
[71683]: 5009ms SPX_TRACE_VERBOSE interop_factory.cs:83 Dispose(True) called for 2785adb7538
[71683]: 5009ms SPX_DBG_TRACE_VERBOSE:  handle_table.h:175 CSpxHandleTable::StopTracking(h) h=0x000002785ADB7538
[71683]: 5009ms SPX_DBG_TRACE_VERBOSE:  handle_table.h:190 CSpxHandleTable::StopTracking(h) class=ISpxNamedProperties, h=0x000002785ADB7538, p=0x000002785ADB7538, tot=3
[71683]: 5009ms SPX_TRACE_VERBOSE interop_factory.cs:83 Dispose(True) called for 2785adb7108
[71683]: 5009ms SPX_DBG_TRACE_FUNCTION:  synthesizer.cpp:473 CSpxSynthesizer::SetDisposing
[71683]: 5009ms SPX_DBG_TRACE_VERBOSE:  handle_table.h:175 CSpxHandleTable::StopTracking(h) h=0x000002785ADB7108
[71683]: 5009ms SPX_DBG_TRACE_VERBOSE:  handle_table.h:190 CSpxHandleTable::StopTracking(h) class=ISpxSynthesizer, h=0x000002785ADB7108, p=0x000002785ADB7108, tot=0
[71683]: 5009ms SPX_DBG_TRACE_SCOPE_ENTER:  synthesizer.cpp:41 CSpxSynthesizer::~CSpxSynthesizer
[71683]: 5009ms SPX_DBG_TRACE_VERBOSE:  create_object_helpers.h:78 SpxTerm: ptr=0x000002785ADB7A68
[71683]: 5009ms SPX_DBG_TRACE_SCOPE_ENTER:  usp_tts_engine_adapter.cpp:74 CSpxUspTtsEngineAdapter::Term
[71683]: 5009ms SPX_DBG_TRACE_VERBOSE:  create_object_helpers.h:78 SpxTerm: ptr=0x000002785AE08F38
[71683]: 5009ms SPX_DBG_TRACE_SCOPE_ENTER:  usp_connection.cpp:144 Microsoft::CognitiveServices::Speech::USP::CSpxUspConnection::~CSpxUspConnection
[71683]: 5009ms SPX_DBG_TRACE_SCOPE_EXIT:  usp_connection.cpp:144 Microsoft::CognitiveServices::Speech::USP::CSpxUspConnection::~CSpxUspConnection
[71683]: 5009ms SPX_DBG_TRACE_SCOPE_ENTER:  web_socket.cpp:289 CSpxWebSocket::~CSpxWebSocket
[71683]: 5009ms SPX_TRACE_INFO:  web_socket.cpp:547 [000002785AE09E80] Web socket upload rate this period was is 0.3547 KB/s
[71683]: 5009ms SPX_TRACE_INFO:  web_socket.cpp:551 CSpxWebSocket::Disconnect: start the close handshake.
[71683]: 5024ms SPX_TRACE_INFO:  web_socket.cpp:568 CSpxWebSocket::Disconnect: Continue to pump while waiting for close frame response (1/100).
[71683]: 5045ms SPX_TRACE_INFO:  web_socket.cpp:568 CSpxWebSocket::Disconnect: Continue to pump while waiting for close frame response (2/100).
[71683]: 5066ms SPX_TRACE_INFO:  web_socket.cpp:568 CSpxWebSocket::Disconnect: Continue to pump while waiting for close frame response (3/100).
[348525]: 5066ms SPX_TRACE_INFO: AZ_LOG_INFO:  uws_client.c:1496 on_underlying_io_bytes_received: Close frame received
[348525]: 5066ms SPX_TRACE_INFO: AZ_LOG_INFO:  uws_client.c:1574 on_underlying_io_bytes_received: closing underlying io.
[348525]: 5067ms SPX_TRACE_INFO: AZ_LOG_INFO:  uws_client.c:939 on_underlying_io_close_complete: uws_state: 6.
[348525]: 5067ms SPX_TRACE_INFO:  web_socket.cpp:1162 CSpxWebSocket::OnWebSocketClosed: context=000002785AE09E80
[71683]: 5087ms SPX_TRACE_INFO:  web_socket.cpp:573 CSpxWebSocket::Disconnect: retries 3. isOpen: false
[71683]: 5087ms SPX_TRACE_INFO:  web_socket.cpp:596 CSpxWebSocket::Disconnect: destroying uwsclient.
[71683]: 5087ms SPX_DBG_TRACE_SCOPE_EXIT:  web_socket.cpp:289 CSpxWebSocket::~CSpxWebSocket
[71683]: 5087ms SPX_DBG_TRACE_SCOPE_EXIT:  usp_tts_engine_adapter.cpp:74 CSpxUspTtsEngineAdapter::Term
[71683]: 5087ms SPX_DBG_TRACE_VERBOSE:  usp_tts_engine_adapter.cpp:53 CSpxUspTtsEngineAdapter::~CSpxUspTtsEngineAdapter: this=0x000002785ADB7A10
[71683]: 5087ms SPX_DBG_TRACE_VERBOSE:  create_object_helpers.h:78 SpxTerm: ptr=0x0000027840885E58
[71683]: 5087ms SPX_DBG_TRACE_SCOPE_ENTER:  thread_service.cpp:47 CSpxThreadService::Term
[71683]: 5088ms SPX_DBG_TRACE_SCOPE_EXIT:  thread_service.cpp:47 CSpxThreadService::Term
[71683]: 5088ms SPX_DBG_TRACE_VERBOSE:  create_object_helpers.h:78 SpxTerm: ptr=0x000002785ADC2398
[71683]: 5088ms SPX_DBG_TRACE_SCOPE_EXIT:  synthesizer.cpp:41 CSpxSynthesizer::~CSpxSynthesizer
[71683]: 5088ms SPX_DBG_TRACE_SCOPE_ENTER:  thread_service.cpp:47 CSpxThreadService::Term
[71683]: 5088ms SPX_DBG_TRACE_SCOPE_EXIT:  thread_service.cpp:47 CSpxThreadService::Term
[897132]: 5088ms SPX_DBG_TRACE_SCOPE_EXIT:  com_init_and_uninit.cpp:44 com worker_thread_proc done
[71683]: 5089ms SPX_TRACE_VERBOSE interop_factory.cs:83 Dispose(True) called for 2785adb06a8
[71683]: 5089ms SPX_DBG_TRACE_VERBOSE:  handle_table.h:175 CSpxHandleTable::StopTracking(h) h=0x000002785ADB06A8
[71683]: 5089ms SPX_DBG_TRACE_VERBOSE:  handle_table.h:190 CSpxHandleTable::StopTracking(h) class=ISpxNamedProperties, h=0x000002785ADB06A8, p=0x000002785ADB06A8, tot=2
[71683]: 5092ms SPX_DBG_TRACE_FUNCTION:  memory_logger.cpp:127 MemoryLogger::Exit
[71683]: 5092ms SPX_DBG_TRACE_FUNCTION:  resource_manager.cpp:76 CSpxResourceManager::~CSpxResourceManager
